[27-Feb-2020 21:01:26 Europe/Moscow] PHP Fatal error:  Uncaught Error: Call to undefined function mysql_connect() in /home/k/k95336st/mikitosina.ru/public_html/miki_connect/connect.php:6
Stack trace:
#0 /home/k/k95336st/mikitosina.ru/public_html/index.php(3): include()
#1 {main}
  thrown in /home/k/k95336st/mikitosina.ru/public_html/miki_connect/connect.php on line 6
[27-Feb-2020 21:01:33 Europe/Moscow] PHP Fatal error:  Uncaught Error: Call to undefined function mysql_connect() in /home/k/k95336st/mikitosina.ru/public_html/miki_connect/connect.php:6
Stack trace:
#0 /home/k/k95336st/mikitosina.ru/public_html/index.php(3): include()
#1 {main}
  thrown in /home/k/k95336st/mikitosina.ru/public_html/miki_connect/connect.php on line 6
[27-Feb-2020 21:05:28 Europe/Moscow] PHP Warning:  mysqli_select_db() expects parameter 1 to be mysqli, string given in /home/k/k95336st/mikitosina.ru/public_html/miki_connect/connect.php on line 7
[27-Feb-2020 21:05:28 Europe/Moscow] PHP Warning:  mysqli_query() expects parameter 1 to be mysqli, string given in /home/k/k95336st/mikitosina.ru/public_html/miki_connect/connect.php on line 9
[27-Feb-2020 21:05:28 Europe/Moscow] PHP Fatal error:  Uncaught Error: Call to undefined function mysql_query() in /home/k/k95336st/mikitosina.ru/public_html/index.php:19
Stack trace:
#0 {main}
  thrown in /home/k/k95336st/mikitosina.ru/public_html/index.php on line 19
[27-Feb-2020 21:06:13 Europe/Moscow] PHP Warning:  mysqli_select_db() expects parameter 1 to be mysqli, string given in /home/k/k95336st/mikitosina.ru/public_html/miki_connect/connect.php on line 7
[27-Feb-2020 21:06:13 Europe/Moscow] PHP Warning:  mysqli_query() expects parameter 1 to be mysqli, string given in /home/k/k95336st/mikitosina.ru/public_html/miki_connect/connect.php on line 9
[27-Feb-2020 21:06:13 Europe/Moscow] PHP Fatal error:  Uncaught Error: Call to undefined function mysql_query() in /home/k/k95336st/mikitosina.ru/public_html/index.php:19
Stack trace:
#0 {main}
  thrown in /home/k/k95336st/mikitosina.ru/public_html/index.php on line 19
[27-Feb-2020 21:06:28 Europe/Moscow] PHP Warning:  mysqli_select_db() expects parameter 1 to be mysqli, string given in /home/k/k95336st/mikitosina.ru/public_html/miki_connect/connect.php on line 7
[27-Feb-2020 21:06:28 Europe/Moscow] PHP Warning:  mysqli_query() expects parameter 1 to be mysqli, string given in /home/k/k95336st/mikitosina.ru/public_html/miki_connect/connect.php on line 9
[27-Feb-2020 21:06:28 Europe/Moscow] PHP Fatal error:  Uncaught Error: Call to undefined function mysql_query() in /home/k/k95336st/mikitosina.ru/public_html/index.php:19
Stack trace:
#0 {main}
  thrown in /home/k/k95336st/mikitosina.ru/public_html/index.php on line 19
[27-Feb-2020 21:06:49 Europe/Moscow] PHP Warning:  mysqli_select_db() expects parameter 1 to be mysqli, string given in /home/k/k95336st/mikitosina.ru/public_html/miki_connect/connect.php on line 7
[27-Feb-2020 21:06:49 Europe/Moscow] PHP Warning:  mysqli_query() expects parameter 1 to be mysqli, string given in /home/k/k95336st/mikitosina.ru/public_html/miki_connect/connect.php on line 9
[27-Feb-2020 21:06:49 Europe/Moscow] PHP Fatal error:  Uncaught Error: Call to undefined function mysql_query() in /home/k/k95336st/mikitosina.ru/public_html/index.php:19
Stack trace:
#0 {main}
  thrown in /home/k/k95336st/mikitosina.ru/public_html/index.php on line 19
[27-Feb-2020 21:10:04 Europe/Moscow] PHP Warning:  mysqli_select_db() expects parameter 1 to be mysqli, string given in /home/k/k95336st/mikitosina.ru/public_html/miki_connect/connect.php on line 7
[27-Feb-2020 21:10:04 Europe/Moscow] PHP Warning:  mysqli_query() expects parameter 1 to be mysqli, string given in /home/k/k95336st/mikitosina.ru/public_html/miki_connect/connect.php on line 9
[27-Feb-2020 21:10:04 Europe/Moscow] PHP Fatal error:  Uncaught Error: Call to undefined function mysql_query() in /home/k/k95336st/mikitosina.ru/public_html/index.php:19
Stack trace:
#0 {main}
  thrown in /home/k/k95336st/mikitosina.ru/public_html/index.php on line 19
[27-Feb-2020 21:10:05 Europe/Moscow] PHP Warning:  mysqli_select_db() expects parameter 1 to be mysqli, string given in /home/k/k95336st/mikitosina.ru/public_html/miki_connect/connect.php on line 7
[27-Feb-2020 21:10:05 Europe/Moscow] PHP Warning:  mysqli_query() expects parameter 1 to be mysqli, string given in /home/k/k95336st/mikitosina.ru/public_html/miki_connect/connect.php on line 9
[27-Feb-2020 21:10:05 Europe/Moscow] PHP Fatal error:  Uncaught Error: Call to undefined function mysql_query() in /home/k/k95336st/mikitosina.ru/public_html/index.php:19
Stack trace:
#0 {main}
  thrown in /home/k/k95336st/mikitosina.ru/public_html/index.php on line 19
[27-Feb-2020 21:10:06 Europe/Moscow] PHP Warning:  mysqli_select_db() expects parameter 1 to be mysqli, string given in /home/k/k95336st/mikitosina.ru/public_html/miki_connect/connect.php on line 7
[27-Feb-2020 21:10:06 Europe/Moscow] PHP Warning:  mysqli_query() expects parameter 1 to be mysqli, string given in /home/k/k95336st/mikitosina.ru/public_html/miki_connect/connect.php on line 9
[27-Feb-2020 21:10:06 Europe/Moscow] PHP Fatal error:  Uncaught Error: Call to undefined function mysql_query() in /home/k/k95336st/mikitosina.ru/public_html/news.php:28
Stack trace:
#0 {main}
  thrown in /home/k/k95336st/mikitosina.ru/public_html/news.php on line 28
[27-Feb-2020 21:12:47 Europe/Moscow] PHP Warning:  mysqli_select_db() expects parameter 1 to be mysqli, string given in /home/k/k95336st/mikitosina.ru/public_html/miki_connect/connect.php on line 7
[27-Feb-2020 21:12:47 Europe/Moscow] PHP Warning:  mysqli_query() expects parameter 1 to be mysqli, string given in /home/k/k95336st/mikitosina.ru/public_html/miki_connect/connect.php on line 9
[27-Feb-2020 21:12:47 Europe/Moscow] PHP Fatal error:  Uncaught Error: Call to undefined function mysql_query() in /home/k/k95336st/mikitosina.ru/public_html/index.php:19
Stack trace:
#0 {main}
  thrown in /home/k/k95336st/mikitosina.ru/public_html/index.php on line 19
[27-Feb-2020 21:12:48 Europe/Moscow] PHP Warning:  mysqli_select_db() expects parameter 1 to be mysqli, string given in /home/k/k95336st/mikitosina.ru/public_html/miki_connect/connect.php on line 7
[27-Feb-2020 21:12:48 Europe/Moscow] PHP Warning:  mysqli_query() expects parameter 1 to be mysqli, string given in /home/k/k95336st/mikitosina.ru/public_html/miki_connect/connect.php on line 9
[27-Feb-2020 21:12:48 Europe/Moscow] PHP Fatal error:  Uncaught Error: Call to undefined function mysql_query() in /home/k/k95336st/mikitosina.ru/public_html/miki_registration/reg_action.php:26
Stack trace:
#0 {main}
  thrown in /home/k/k95336st/mikitosina.ru/public_html/miki_registration/reg_action.php on line 26
[27-Feb-2020 21:12:48 Europe/Moscow] PHP Warning:  mysqli_select_db() expects parameter 1 to be mysqli, string given in /home/k/k95336st/mikitosina.ru/public_html/miki_connect/connect.php on line 7
[27-Feb-2020 21:12:48 Europe/Moscow] PHP Warning:  mysqli_query() expects parameter 1 to be mysqli, string given in /home/k/k95336st/mikitosina.ru/public_html/miki_connect/connect.php on line 9
[27-Feb-2020 22:57:48 Europe/Moscow] PHP Warning:  mysqli_select_db() expects parameter 1 to be mysqli, string given in /home/k/k95336st/mikitosina.ru/public_html/miki_connect/connect.php on line 7
[27-Feb-2020 22:57:48 Europe/Moscow] PHP Warning:  mysqli_query() expects parameter 1 to be mysqli, string given in /home/k/k95336st/mikitosina.ru/public_html/miki_connect/connect.php on line 9
[27-Feb-2020 22:57:48 Europe/Moscow] PHP Fatal error:  Uncaught Error: Call to undefined function mysql_query() in /home/k/k95336st/mikitosina.ru/public_html/index.php:19
Stack trace:
#0 {main}
  thrown in /home/k/k95336st/mikitosina.ru/public_html/index.php on line 19
[27-Feb-2020 22:57:57 Europe/Moscow] PHP Warning:  mysqli_select_db() expects parameter 1 to be mysqli, string given in /home/k/k95336st/mikitosina.ru/public_html/miki_connect/connect.php on line 7
[27-Feb-2020 22:57:57 Europe/Moscow] PHP Warning:  mysqli_query() expects parameter 1 to be mysqli, string given in /home/k/k95336st/mikitosina.ru/public_html/miki_connect/connect.php on line 9
[27-Feb-2020 22:57:57 Europe/Moscow] PHP Fatal error:  Uncaught Error: Call to undefined function mysql_query() in /home/k/k95336st/mikitosina.ru/public_html/news.php:28
Stack trace:
#0 {main}
  thrown in /home/k/k95336st/mikitosina.ru/public_html/news.php on line 28
[27-Feb-2020 22:57:58 Europe/Moscow] PHP Warning:  mysqli_select_db() expects parameter 1 to be mysqli, string given in /home/k/k95336st/mikitosina.ru/public_html/miki_connect/connect.php on line 7
[27-Feb-2020 22:57:58 Europe/Moscow] PHP Warning:  mysqli_query() expects parameter 1 to be mysqli, string given in /home/k/k95336st/mikitosina.ru/public_html/miki_connect/connect.php on line 9
[27-Feb-2020 22:57:58 Europe/Moscow] PHP Fatal error:  Uncaught Error: Call to undefined function mysql_query() in /home/k/k95336st/mikitosina.ru/public_html/index.php:19
Stack trace:
#0 {main}
  thrown in /home/k/k95336st/mikitosina.ru/public_html/index.php on line 19
[27-Feb-2020 23:24:20 Europe/Moscow] PHP Warning:  mysqli_select_db() expects parameter 1 to be mysqli, string given in /home/k/k95336st/mikitosina.ru/public_html/miki_connect/connect.php on line 7
[27-Feb-2020 23:24:20 Europe/Moscow] PHP Warning:  mysqli_query() expects parameter 1 to be mysqli, string given in /home/k/k95336st/mikitosina.ru/public_html/miki_connect/connect.php on line 9
[27-Feb-2020 23:24:20 Europe/Moscow] PHP Fatal error:  Uncaught Error: Call to undefined function mysql_query() in /home/k/k95336st/mikitosina.ru/public_html/index.php:19
Stack trace:
#0 {main}
  thrown in /home/k/k95336st/mikitosina.ru/public_html/index.php on line 19
[27-Feb-2020 23:38:48 Europe/Moscow] PHP Warning:  mysqli_select_db() expects parameter 1 to be mysqli, string given in /home/k/k95336st/mikitosina.ru/public_html/miki_connect/connect.php on line 7
[27-Feb-2020 23:38:48 Europe/Moscow] PHP Warning:  mysqli_query() expects parameter 1 to be mysqli, string given in /home/k/k95336st/mikitosina.ru/public_html/miki_connect/connect.php on line 9
[27-Feb-2020 23:38:48 Europe/Moscow] PHP Fatal error:  Uncaught Error: Call to undefined function mysql_query() in /home/k/k95336st/mikitosina.ru/public_html/index.php:19
Stack trace:
#0 {main}
  thrown in /home/k/k95336st/mikitosina.ru/public_html/index.php on line 19
[27-Feb-2020 23:38:52 Europe/Moscow] PHP Warning:  mysqli_select_db() expects parameter 1 to be mysqli, string given in /home/k/k95336st/mikitosina.ru/public_html/miki_connect/connect.php on line 7
[27-Feb-2020 23:38:52 Europe/Moscow] PHP Warning:  mysqli_query() expects parameter 1 to be mysqli, string given in /home/k/k95336st/mikitosina.ru/public_html/miki_connect/connect.php on line 9
[27-Feb-2020 23:38:52 Europe/Moscow] PHP Fatal error:  Uncaught Error: Call to undefined function mysql_query() in /home/k/k95336st/mikitosina.ru/public_html/index.php:19
Stack trace:
#0 {main}
  thrown in /home/k/k95336st/mikitosina.ru/public_html/index.php on line 19
[27-Feb-2020 23:39:38 Europe/Moscow] PHP Warning:  mysqli_select_db() expects parameter 1 to be mysqli, string given in /home/k/k95336st/mikitosina.ru/public_html/miki_connect/connect.php on line 7
[27-Feb-2020 23:39:38 Europe/Moscow] PHP Warning:  mysqli_query() expects parameter 1 to be mysqli, string given in /home/k/k95336st/mikitosina.ru/public_html/miki_connect/connect.php on line 9
[27-Feb-2020 23:39:38 Europe/Moscow] PHP Fatal error:  Uncaught Error: Call to undefined function mysql_query() in /home/k/k95336st/mikitosina.ru/public_html/news.php:28
Stack trace:
#0 {main}
  thrown in /home/k/k95336st/mikitosina.ru/public_html/news.php on line 28
[27-Feb-2020 23:40:43 Europe/Moscow] PHP Warning:  mysqli_select_db() expects parameter 1 to be mysqli, string given in /home/k/k95336st/mikitosina.ru/public_html/miki_connect/connect.php on line 7
[27-Feb-2020 23:40:43 Europe/Moscow] PHP Warning:  mysqli_query() expects parameter 1 to be mysqli, string given in /home/k/k95336st/mikitosina.ru/public_html/miki_connect/connect.php on line 9
[27-Feb-2020 23:40:46 Europe/Moscow] PHP Warning:  mysqli_select_db() expects parameter 1 to be mysqli, string given in /home/k/k95336st/mikitosina.ru/public_html/miki_connect/connect.php on line 7
[27-Feb-2020 23:40:46 Europe/Moscow] PHP Warning:  mysqli_query() expects parameter 1 to be mysqli, string given in /home/k/k95336st/mikitosina.ru/public_html/miki_connect/connect.php on line 9
[27-Feb-2020 23:40:46 Europe/Moscow] PHP Fatal error:  Uncaught Error: Call to undefined function mysql_query() in /home/k/k95336st/mikitosina.ru/public_html/index.php:19
Stack trace:
#0 {main}
  thrown in /home/k/k95336st/mikitosina.ru/public_html/index.php on line 19
[28-Feb-2020 00:05:46 Europe/Moscow] PHP Warning:  mysqli_select_db() expects parameter 1 to be mysqli, string given in /home/k/k95336st/mikitosina.ru/public_html/miki_connect/connect.php on line 7
[28-Feb-2020 00:05:46 Europe/Moscow] PHP Warning:  mysqli_query() expects parameter 1 to be mysqli, string given in /home/k/k95336st/mikitosina.ru/public_html/miki_connect/connect.php on line 9
[28-Feb-2020 00:05:46 Europe/Moscow] PHP Fatal error:  Uncaught Error: Call to undefined function mysql_query() in /home/k/k95336st/mikitosina.ru/public_html/index.php:19
Stack trace:
#0 {main}
  thrown in /home/k/k95336st/mikitosina.ru/public_html/index.php on line 19
[28-Feb-2020 00:18:38 Europe/Moscow] PHP Warning:  mysqli_select_db() expects parameter 1 to be mysqli, string given in /home/k/k95336st/mikitosina.ru/public_html/miki_connect/connect.php on line 7
[28-Feb-2020 00:18:38 Europe/Moscow] PHP Warning:  mysqli_query() expects parameter 1 to be mysqli, string given in /home/k/k95336st/mikitosina.ru/public_html/miki_connect/connect.php on line 9
[28-Feb-2020 00:18:38 Europe/Moscow] PHP Fatal error:  Uncaught Error: Call to undefined function mysql_query() in /home/k/k95336st/mikitosina.ru/public_html/index.php:19
Stack trace:
#0 {main}
  thrown in /home/k/k95336st/mikitosina.ru/public_html/index.php on line 19
[28-Feb-2020 00:18:38 Europe/Moscow] PHP Warning:  mysqli_select_db() expects parameter 1 to be mysqli, string given in /home/k/k95336st/mikitosina.ru/public_html/miki_connect/connect.php on line 7
[28-Feb-2020 00:18:38 Europe/Moscow] PHP Warning:  mysqli_query() expects parameter 1 to be mysqli, string given in /home/k/k95336st/mikitosina.ru/public_html/miki_connect/connect.php on line 9
[28-Feb-2020 00:18:38 Europe/Moscow] PHP Fatal error:  Uncaught Error: Call to undefined function mysql_query() in /home/k/k95336st/mikitosina.ru/public_html/index.php:19
Stack trace:
#0 {main}
  thrown in /home/k/k95336st/mikitosina.ru/public_html/index.php on line 19
[28-Feb-2020 00:18:38 Europe/Moscow] PHP Warning:  mysqli_select_db() expects parameter 1 to be mysqli, string given in /home/k/k95336st/mikitosina.ru/public_html/miki_connect/connect.php on line 7
[28-Feb-2020 00:18:38 Europe/Moscow] PHP Warning:  mysqli_query() expects parameter 1 to be mysqli, string given in /home/k/k95336st/mikitosina.ru/public_html/miki_connect/connect.php on line 9
[28-Feb-2020 00:18:38 Europe/Moscow] PHP Fatal error:  Uncaught Error: Call to undefined function mysql_query() in /home/k/k95336st/mikitosina.ru/public_html/index.php:19
Stack trace:
#0 {main}
  thrown in /home/k/k95336st/mikitosina.ru/public_html/index.php on line 19
[28-Feb-2020 01:11:09 Europe/Moscow] PHP Warning:  mysqli_select_db() expects parameter 1 to be mysqli, string given in /home/k/k95336st/mikitosina.ru/public_html/miki_connect/connect.php on line 7
[28-Feb-2020 01:11:09 Europe/Moscow] PHP Warning:  mysqli_query() expects parameter 1 to be mysqli, string given in /home/k/k95336st/mikitosina.ru/public_html/miki_connect/connect.php on line 9
[28-Feb-2020 01:11:09 Europe/Moscow] PHP Warning:  mysqli_query() expects parameter 1 to be mysqli, string given in /home/k/k95336st/mikitosina.ru/public_html/index.php on line 19
[28-Feb-2020 01:11:09 Europe/Moscow] PHP Warning:  mysqli_fetch_array() expects parameter 1 to be mysqli_result, null given in /home/k/k95336st/mikitosina.ru/public_html/index.php on line 20
[28-Feb-2020 01:11:09 Europe/Moscow] PHP Fatal error:  Uncaught Error: Call to undefined function mysql_fetch_array() in /home/k/k95336st/mikitosina.ru/public_html/index.php:36
Stack trace:
#0 {main}
  thrown in /home/k/k95336st/mikitosina.ru/public_html/index.php on line 36
[28-Feb-2020 01:11:26 Europe/Moscow] PHP Warning:  mysqli_select_db() expects parameter 1 to be mysqli, string given in /home/k/k95336st/mikitosina.ru/public_html/miki_connect/connect.php on line 7
[28-Feb-2020 01:11:26 Europe/Moscow] PHP Warning:  mysqli_query() expects parameter 1 to be mysqli, string given in /home/k/k95336st/mikitosina.ru/public_html/miki_connect/connect.php on line 9
[28-Feb-2020 01:11:26 Europe/Moscow] PHP Warning:  mysqli_query() expects parameter 1 to be mysqli, string given in /home/k/k95336st/mikitosina.ru/public_html/index.php on line 19
[28-Feb-2020 01:11:26 Europe/Moscow] PHP Warning:  mysqli_fetch_array() expects parameter 1 to be mysqli_result, null given in /home/k/k95336st/mikitosina.ru/public_html/index.php on line 20
[28-Feb-2020 01:11:26 Europe/Moscow] PHP Fatal error:  Uncaught Error: Call to undefined function mysql_fetch_array() in /home/k/k95336st/mikitosina.ru/public_html/index.php:36
Stack trace:
#0 {main}
  thrown in /home/k/k95336st/mikitosina.ru/public_html/index.php on line 36
[28-Feb-2020 02:04:05 Europe/Moscow] PHP Warning:  mysqli_select_db() expects parameter 1 to be mysqli, string given in /home/k/k95336st/mikitosina.ru/public_html/miki_connect/connect.php on line 7
[28-Feb-2020 02:04:05 Europe/Moscow] PHP Warning:  mysqli_query() expects parameter 1 to be mysqli, string given in /home/k/k95336st/mikitosina.ru/public_html/miki_connect/connect.php on line 9
[28-Feb-2020 02:04:05 Europe/Moscow] PHP Warning:  mysqli_query() expects parameter 1 to be mysqli, string given in /home/k/k95336st/mikitosina.ru/public_html/index.php on line 19
[28-Feb-2020 02:04:05 Europe/Moscow] PHP Warning:  mysqli_fetch_array() expects parameter 1 to be mysqli_result, null given in /home/k/k95336st/mikitosina.ru/public_html/index.php on line 20
[28-Feb-2020 02:04:05 Europe/Moscow] PHP Warning:  mysqli_fetch_array() expects parameter 1 to be mysqli_result, null given in /home/k/k95336st/mikitosina.ru/public_html/index.php on line 36
[28-Feb-2020 02:04:06 Europe/Moscow] PHP Warning:  mysqli_select_db() expects parameter 1 to be mysqli, string given in /home/k/k95336st/mikitosina.ru/public_html/miki_connect/connect.php on line 7
[28-Feb-2020 02:04:06 Europe/Moscow] PHP Warning:  mysqli_query() expects parameter 1 to be mysqli, string given in /home/k/k95336st/mikitosina.ru/public_html/miki_connect/connect.php on line 9
[28-Feb-2020 02:04:06 Europe/Moscow] PHP Warning:  mysqli_query() expects parameter 1 to be mysqli, string given in /home/k/k95336st/mikitosina.ru/public_html/index.php on line 19
[28-Feb-2020 02:04:06 Europe/Moscow] PHP Warning:  mysqli_fetch_array() expects parameter 1 to be mysqli_result, null given in /home/k/k95336st/mikitosina.ru/public_html/index.php on line 20
[28-Feb-2020 02:04:06 Europe/Moscow] PHP Warning:  mysqli_fetch_array() expects parameter 1 to be mysqli_result, null given in /home/k/k95336st/mikitosina.ru/public_html/index.php on line 36
[28-Feb-2020 02:04:07 Europe/Moscow] PHP Warning:  mysqli_select_db() expects parameter 1 to be mysqli, string given in /home/k/k95336st/mikitosina.ru/public_html/miki_connect/connect.php on line 7
[28-Feb-2020 02:04:07 Europe/Moscow] PHP Warning:  mysqli_query() expects parameter 1 to be mysqli, string given in /home/k/k95336st/mikitosina.ru/public_html/miki_connect/connect.php on line 9
[28-Feb-2020 02:04:07 Europe/Moscow] PHP Warning:  mysqli_query() expects parameter 1 to be mysqli, string given in /home/k/k95336st/mikitosina.ru/public_html/index.php on line 19
[28-Feb-2020 02:04:07 Europe/Moscow] PHP Warning:  mysqli_fetch_array() expects parameter 1 to be mysqli_result, null given in /home/k/k95336st/mikitosina.ru/public_html/index.php on line 20
[28-Feb-2020 02:04:07 Europe/Moscow] PHP Warning:  mysqli_fetch_array() expects parameter 1 to be mysqli_result, null given in /home/k/k95336st/mikitosina.ru/public_html/index.php on line 36
[28-Feb-2020 02:08:05 Europe/Moscow] PHP Warning:  mysqli_select_db() expects parameter 1 to be mysqli, string given in /home/k/k95336st/mikitosina.ru/public_html/miki_connect/connect.php on line 7
[28-Feb-2020 02:08:05 Europe/Moscow] PHP Warning:  mysqli_query() expects parameter 1 to be mysqli, string given in /home/k/k95336st/mikitosina.ru/public_html/miki_connect/connect.php on line 9
[28-Feb-2020 02:08:05 Europe/Moscow] PHP Warning:  mysqli_query() expects parameter 1 to be mysqli, string given in /home/k/k95336st/mikitosina.ru/public_html/index.php on line 19
[28-Feb-2020 02:08:05 Europe/Moscow] PHP Warning:  mysqli_fetch_array() expects parameter 1 to be mysqli_result, null given in /home/k/k95336st/mikitosina.ru/public_html/index.php on line 20
[28-Feb-2020 02:08:05 Europe/Moscow] PHP Warning:  mysqli_fetch_array() expects parameter 1 to be mysqli_result, null given in /home/k/k95336st/mikitosina.ru/public_html/index.php on line 36
[28-Feb-2020 02:08:06 Europe/Moscow] PHP Warning:  mysqli_select_db() expects parameter 1 to be mysqli, string given in /home/k/k95336st/mikitosina.ru/public_html/miki_connect/connect.php on line 7
[28-Feb-2020 02:08:06 Europe/Moscow] PHP Warning:  mysqli_query() expects parameter 1 to be mysqli, string given in /home/k/k95336st/mikitosina.ru/public_html/miki_connect/connect.php on line 9
[28-Feb-2020 02:08:06 Europe/Moscow] PHP Warning:  mysqli_query() expects parameter 1 to be mysqli, string given in /home/k/k95336st/mikitosina.ru/public_html/index.php on line 19
[28-Feb-2020 02:08:06 Europe/Moscow] PHP Warning:  mysqli_fetch_array() expects parameter 1 to be mysqli_result, null given in /home/k/k95336st/mikitosina.ru/public_html/index.php on line 20
[28-Feb-2020 02:08:06 Europe/Moscow] PHP Warning:  mysqli_fetch_array() expects parameter 1 to be mysqli_result, null given in /home/k/k95336st/mikitosina.ru/public_html/index.php on line 36
[28-Feb-2020 02:08:06 Europe/Moscow] PHP Warning:  mysqli_select_db() expects parameter 1 to be mysqli, string given in /home/k/k95336st/mikitosina.ru/public_html/miki_connect/connect.php on line 7
[28-Feb-2020 02:08:06 Europe/Moscow] PHP Warning:  mysqli_query() expects parameter 1 to be mysqli, string given in /home/k/k95336st/mikitosina.ru/public_html/miki_connect/connect.php on line 9
[28-Feb-2020 02:08:06 Europe/Moscow] PHP Warning:  mysqli_query() expects parameter 1 to be mysqli, string given in /home/k/k95336st/mikitosina.ru/public_html/index.php on line 19
[28-Feb-2020 02:08:06 Europe/Moscow] PHP Warning:  mysqli_fetch_array() expects parameter 1 to be mysqli_result, null given in /home/k/k95336st/mikitosina.ru/public_html/index.php on line 20
[28-Feb-2020 02:08:06 Europe/Moscow] PHP Warning:  mysqli_fetch_array() expects parameter 1 to be mysqli_result, null given in /home/k/k95336st/mikitosina.ru/public_html/index.php on line 36
[28-Feb-2020 02:08:07 Europe/Moscow] PHP Warning:  mysqli_select_db() expects parameter 1 to be mysqli, string given in /home/k/k95336st/mikitosina.ru/public_html/miki_connect/connect.php on line 7
[28-Feb-2020 02:08:07 Europe/Moscow] PHP Warning:  mysqli_query() expects parameter 1 to be mysqli, string given in /home/k/k95336st/mikitosina.ru/public_html/miki_connect/connect.php on line 9
[28-Feb-2020 02:08:07 Europe/Moscow] PHP Warning:  mysqli_query() expects parameter 1 to be mysqli, string given in /home/k/k95336st/mikitosina.ru/public_html/index.php on line 19
[28-Feb-2020 02:08:07 Europe/Moscow] PHP Warning:  mysqli_fetch_array() expects parameter 1 to be mysqli_result, null given in /home/k/k95336st/mikitosina.ru/public_html/index.php on line 20
[28-Feb-2020 02:08:07 Europe/Moscow] PHP Warning:  mysqli_fetch_array() expects parameter 1 to be mysqli_result, null given in /home/k/k95336st/mikitosina.ru/public_html/index.php on line 36
[28-Feb-2020 02:08:07 Europe/Moscow] PHP Warning:  mysqli_select_db() expects parameter 1 to be mysqli, string given in /home/k/k95336st/mikitosina.ru/public_html/miki_connect/connect.php on line 7
[28-Feb-2020 02:08:07 Europe/Moscow] PHP Warning:  mysqli_query() expects parameter 1 to be mysqli, string given in /home/k/k95336st/mikitosina.ru/public_html/miki_connect/connect.php on line 9
[28-Feb-2020 02:08:07 Europe/Moscow] PHP Warning:  mysqli_query() expects parameter 1 to be mysqli, string given in /home/k/k95336st/mikitosina.ru/public_html/index.php on line 19
[28-Feb-2020 02:08:07 Europe/Moscow] PHP Warning:  mysqli_fetch_array() expects parameter 1 to be mysqli_result, null given in /home/k/k95336st/mikitosina.ru/public_html/index.php on line 20
[28-Feb-2020 02:08:07 Europe/Moscow] PHP Warning:  mysqli_fetch_array() expects parameter 1 to be mysqli_result, null given in /home/k/k95336st/mikitosina.ru/public_html/index.php on line 36
[28-Feb-2020 02:08:07 Europe/Moscow] PHP Warning:  mysqli_select_db() expects parameter 1 to be mysqli, string given in /home/k/k95336st/mikitosina.ru/public_html/miki_connect/connect.php on line 7
[28-Feb-2020 02:08:07 Europe/Moscow] PHP Warning:  mysqli_query() expects parameter 1 to be mysqli, string given in /home/k/k95336st/mikitosina.ru/public_html/miki_connect/connect.php on line 9
[28-Feb-2020 02:08:07 Europe/Moscow] PHP Warning:  mysqli_query() expects parameter 1 to be mysqli, string given in /home/k/k95336st/mikitosina.ru/public_html/index.php on line 19
[28-Feb-2020 02:08:07 Europe/Moscow] PHP Warning:  mysqli_fetch_array() expects parameter 1 to be mysqli_result, null given in /home/k/k95336st/mikitosina.ru/public_html/index.php on line 20
[28-Feb-2020 02:08:07 Europe/Moscow] PHP Warning:  mysqli_fetch_array() expects parameter 1 to be mysqli_result, null given in /home/k/k95336st/mikitosina.ru/public_html/index.php on line 36
[28-Feb-2020 02:14:41 Europe/Moscow] PHP Warning:  mysqli_select_db() expects parameter 1 to be mysqli, string given in /home/k/k95336st/mikitosina.ru/public_html/miki_connect/connect.php on line 7
[28-Feb-2020 02:14:41 Europe/Moscow] PHP Warning:  mysqli_query() expects parameter 1 to be mysqli, string given in /home/k/k95336st/mikitosina.ru/public_html/miki_connect/connect.php on line 9
[28-Feb-2020 02:14:41 Europe/Moscow] PHP Warning:  mysqli_query() expects parameter 1 to be mysqli, string given in /home/k/k95336st/mikitosina.ru/public_html/index.php on line 19
[28-Feb-2020 02:14:41 Europe/Moscow] PHP Warning:  mysqli_fetch_array() expects parameter 1 to be mysqli_result, null given in /home/k/k95336st/mikitosina.ru/public_html/index.php on line 20
[28-Feb-2020 02:14:41 Europe/Moscow] PHP Warning:  mysqli_fetch_array() expects parameter 1 to be mysqli_result, null given in /home/k/k95336st/mikitosina.ru/public_html/index.php on line 36
[28-Feb-2020 02:14:41 Europe/Moscow] PHP Warning:  mysqli_select_db() expects parameter 1 to be mysqli, string given in /home/k/k95336st/mikitosina.ru/public_html/miki_connect/connect.php on line 7
[28-Feb-2020 02:14:41 Europe/Moscow] PHP Warning:  mysqli_query() expects parameter 1 to be mysqli, string given in /home/k/k95336st/mikitosina.ru/public_html/miki_connect/connect.php on line 9
[28-Feb-2020 02:14:41 Europe/Moscow] PHP Warning:  mysqli_query() expects parameter 1 to be mysqli, string given in /home/k/k95336st/mikitosina.ru/public_html/index.php on line 19
[28-Feb-2020 02:14:41 Europe/Moscow] PHP Warning:  mysqli_fetch_array() expects parameter 1 to be mysqli_result, null given in /home/k/k95336st/mikitosina.ru/public_html/index.php on line 20
[28-Feb-2020 02:14:41 Europe/Moscow] PHP Warning:  mysqli_fetch_array() expects parameter 1 to be mysqli_result, null given in /home/k/k95336st/mikitosina.ru/public_html/index.php on line 36
[28-Feb-2020 02:14:42 Europe/Moscow] PHP Warning:  mysqli_select_db() expects parameter 1 to be mysqli, string given in /home/k/k95336st/mikitosina.ru/public_html/miki_connect/connect.php on line 7
[28-Feb-2020 02:14:42 Europe/Moscow] PHP Warning:  mysqli_query() expects parameter 1 to be mysqli, string given in /home/k/k95336st/mikitosina.ru/public_html/miki_connect/connect.php on line 9
[28-Feb-2020 02:14:42 Europe/Moscow] PHP Warning:  mysqli_query() expects parameter 1 to be mysqli, string given in /home/k/k95336st/mikitosina.ru/public_html/index.php on line 19
[28-Feb-2020 02:14:42 Europe/Moscow] PHP Warning:  mysqli_fetch_array() expects parameter 1 to be mysqli_result, null given in /home/k/k95336st/mikitosina.ru/public_html/index.php on line 20
[28-Feb-2020 02:14:42 Europe/Moscow] PHP Warning:  mysqli_fetch_array() expects parameter 1 to be mysqli_result, null given in /home/k/k95336st/mikitosina.ru/public_html/index.php on line 36
[28-Feb-2020 02:14:42 Europe/Moscow] PHP Warning:  mysqli_select_db() expects parameter 1 to be mysqli, string given in /home/k/k95336st/mikitosina.ru/public_html/miki_connect/connect.php on line 7
[28-Feb-2020 02:14:42 Europe/Moscow] PHP Warning:  mysqli_query() expects parameter 1 to be mysqli, string given in /home/k/k95336st/mikitosina.ru/public_html/miki_connect/connect.php on line 9
[28-Feb-2020 02:14:42 Europe/Moscow] PHP Warning:  mysqli_query() expects parameter 1 to be mysqli, string given in /home/k/k95336st/mikitosina.ru/public_html/index.php on line 19
[28-Feb-2020 02:14:42 Europe/Moscow] PHP Warning:  mysqli_fetch_array() expects parameter 1 to be mysqli_result, null given in /home/k/k95336st/mikitosina.ru/public_html/index.php on line 20
[28-Feb-2020 02:14:42 Europe/Moscow] PHP Warning:  mysqli_fetch_array() expects parameter 1 to be mysqli_result, null given in /home/k/k95336st/mikitosina.ru/public_html/index.php on line 36
[28-Feb-2020 02:45:42 Europe/Moscow] PHP Warning:  mysqli_select_db() expects parameter 1 to be mysqli, string given in /home/k/k95336st/mikitosina.ru/public_html/miki_connect/connect.php on line 7
[28-Feb-2020 02:45:42 Europe/Moscow] PHP Warning:  mysqli_query() expects parameter 1 to be mysqli, string given in /home/k/k95336st/mikitosina.ru/public_html/miki_connect/connect.php on line 9
[28-Feb-2020 02:45:44 Europe/Moscow] PHP Warning:  mysqli_select_db() expects parameter 1 to be mysqli, string given in /home/k/k95336st/mikitosina.ru/public_html/miki_connect/connect.php on line 7
[28-Feb-2020 02:45:44 Europe/Moscow] PHP Warning:  mysqli_query() expects parameter 1 to be mysqli, string given in /home/k/k95336st/mikitosina.ru/public_html/miki_connect/connect.php on line 9
[28-Feb-2020 02:45:44 Europe/Moscow] PHP Warning:  mysqli_query() expects parameter 1 to be mysqli, string given in /home/k/k95336st/mikitosina.ru/public_html/index.php on line 19
[28-Feb-2020 02:45:44 Europe/Moscow] PHP Warning:  mysqli_fetch_array() expects parameter 1 to be mysqli_result, null given in /home/k/k95336st/mikitosina.ru/public_html/index.php on line 20
[28-Feb-2020 02:45:44 Europe/Moscow] PHP Warning:  mysqli_fetch_array() expects parameter 1 to be mysqli_result, null given in /home/k/k95336st/mikitosina.ru/public_html/index.php on line 36
[28-Feb-2020 02:45:45 Europe/Moscow] PHP Warning:  mysqli_select_db() expects parameter 1 to be mysqli, string given in /home/k/k95336st/mikitosina.ru/public_html/miki_connect/connect.php on line 7
[28-Feb-2020 02:45:45 Europe/Moscow] PHP Warning:  mysqli_query() expects parameter 1 to be mysqli, string given in /home/k/k95336st/mikitosina.ru/public_html/miki_connect/connect.php on line 9
[28-Feb-2020 02:45:45 Europe/Moscow] PHP Fatal error:  Uncaught Error: Call to undefined function mysql_query() in /home/k/k95336st/mikitosina.ru/public_html/news.php:28
Stack trace:
#0 {main}
  thrown in /home/k/k95336st/mikitosina.ru/public_html/news.php on line 28
[28-Feb-2020 02:45:49 Europe/Moscow] PHP Warning:  mysqli_select_db() expects parameter 1 to be mysqli, string given in /home/k/k95336st/mikitosina.ru/public_html/miki_connect/connect.php on line 7
[28-Feb-2020 02:45:49 Europe/Moscow] PHP Warning:  mysqli_query() expects parameter 1 to be mysqli, string given in /home/k/k95336st/mikitosina.ru/public_html/miki_connect/connect.php on line 9
[28-Feb-2020 02:45:49 Europe/Moscow] PHP Warning:  mysqli_query() expects parameter 1 to be mysqli, string given in /home/k/k95336st/mikitosina.ru/public_html/index.php on line 19
[28-Feb-2020 02:45:49 Europe/Moscow] PHP Warning:  mysqli_fetch_array() expects parameter 1 to be mysqli_result, null given in /home/k/k95336st/mikitosina.ru/public_html/index.php on line 20
[28-Feb-2020 02:45:49 Europe/Moscow] PHP Warning:  mysqli_fetch_array() expects parameter 1 to be mysqli_result, null given in /home/k/k95336st/mikitosina.ru/public_html/index.php on line 36
[28-Feb-2020 02:46:38 Europe/Moscow] PHP Warning:  mysqli_select_db() expects parameter 1 to be mysqli, string given in /home/k/k95336st/mikitosina.ru/public_html/miki_connect/connect.php on line 7
[28-Feb-2020 02:46:38 Europe/Moscow] PHP Warning:  mysqli_query() expects parameter 1 to be mysqli, string given in /home/k/k95336st/mikitosina.ru/public_html/miki_connect/connect.php on line 9
[28-Feb-2020 02:46:38 Europe/Moscow] PHP Warning:  mysqli_query() expects parameter 1 to be mysqli, string given in /home/k/k95336st/mikitosina.ru/public_html/index.php on line 19
[28-Feb-2020 02:46:38 Europe/Moscow] PHP Warning:  mysqli_fetch_array() expects parameter 1 to be mysqli_result, null given in /home/k/k95336st/mikitosina.ru/public_html/index.php on line 20
[28-Feb-2020 02:46:38 Europe/Moscow] PHP Warning:  mysqli_fetch_array() expects parameter 1 to be mysqli_result, null given in /home/k/k95336st/mikitosina.ru/public_html/index.php on line 36
[28-Feb-2020 02:46:38 Europe/Moscow] PHP Warning:  mysqli_select_db() expects parameter 1 to be mysqli, string given in /home/k/k95336st/mikitosina.ru/public_html/miki_connect/connect.php on line 7
[28-Feb-2020 02:46:38 Europe/Moscow] PHP Warning:  mysqli_query() expects parameter 1 to be mysqli, string given in /home/k/k95336st/mikitosina.ru/public_html/miki_connect/connect.php on line 9
[28-Feb-2020 02:46:38 Europe/Moscow] PHP Warning:  mysqli_query() expects parameter 1 to be mysqli, string given in /home/k/k95336st/mikitosina.ru/public_html/index.php on line 19
[28-Feb-2020 02:46:38 Europe/Moscow] PHP Warning:  mysqli_fetch_array() expects parameter 1 to be mysqli_result, null given in /home/k/k95336st/mikitosina.ru/public_html/index.php on line 20
[28-Feb-2020 02:46:38 Europe/Moscow] PHP Warning:  mysqli_fetch_array() expects parameter 1 to be mysqli_result, null given in /home/k/k95336st/mikitosina.ru/public_html/index.php on line 36
[28-Feb-2020 02:52:42 Europe/Moscow] PHP Warning:  mysqli_select_db() expects parameter 1 to be mysqli, string given in /home/k/k95336st/mikitosina.ru/public_html/miki_connect/connect.php on line 7
[28-Feb-2020 02:52:42 Europe/Moscow] PHP Warning:  mysqli_query() expects parameter 1 to be mysqli, string given in /home/k/k95336st/mikitosina.ru/public_html/miki_connect/connect.php on line 9
[28-Feb-2020 02:52:42 Europe/Moscow] PHP Warning:  mysqli_query() expects parameter 1 to be mysqli, string given in /home/k/k95336st/mikitosina.ru/public_html/index.php on line 19
[28-Feb-2020 02:52:42 Europe/Moscow] PHP Warning:  mysqli_fetch_array() expects parameter 1 to be mysqli_result, null given in /home/k/k95336st/mikitosina.ru/public_html/index.php on line 20
[28-Feb-2020 02:52:42 Europe/Moscow] PHP Warning:  mysqli_fetch_array() expects parameter 1 to be mysqli_result, null given in /home/k/k95336st/mikitosina.ru/public_html/index.php on line 36
[28-Feb-2020 02:52:42 Europe/Moscow] PHP Warning:  mysqli_select_db() expects parameter 1 to be mysqli, string given in /home/k/k95336st/mikitosina.ru/public_html/miki_connect/connect.php on line 7
[28-Feb-2020 02:52:42 Europe/Moscow] PHP Warning:  mysqli_query() expects parameter 1 to be mysqli, string given in /home/k/k95336st/mikitosina.ru/public_html/miki_connect/connect.php on line 9
[28-Feb-2020 02:52:42 Europe/Moscow] PHP Warning:  mysqli_query() expects parameter 1 to be mysqli, string given in /home/k/k95336st/mikitosina.ru/public_html/index.php on line 19
[28-Feb-2020 02:52:42 Europe/Moscow] PHP Warning:  mysqli_fetch_array() expects parameter 1 to be mysqli_result, null given in /home/k/k95336st/mikitosina.ru/public_html/index.php on line 20
[28-Feb-2020 02:52:42 Europe/Moscow] PHP Warning:  mysqli_fetch_array() expects parameter 1 to be mysqli_result, null given in /home/k/k95336st/mikitosina.ru/public_html/index.php on line 36
[28-Feb-2020 02:52:43 Europe/Moscow] PHP Warning:  mysqli_select_db() expects parameter 1 to be mysqli, string given in /home/k/k95336st/mikitosina.ru/public_html/miki_connect/connect.php on line 7
[28-Feb-2020 02:52:43 Europe/Moscow] PHP Warning:  mysqli_query() expects parameter 1 to be mysqli, string given in /home/k/k95336st/mikitosina.ru/public_html/miki_connect/connect.php on line 9
[28-Feb-2020 02:52:43 Europe/Moscow] PHP Warning:  mysqli_query() expects parameter 1 to be mysqli, string given in /home/k/k95336st/mikitosina.ru/public_html/index.php on line 19
[28-Feb-2020 02:52:43 Europe/Moscow] PHP Warning:  mysqli_fetch_array() expects parameter 1 to be mysqli_result, null given in /home/k/k95336st/mikitosina.ru/public_html/index.php on line 20
[28-Feb-2020 02:52:43 Europe/Moscow] PHP Warning:  mysqli_fetch_array() expects parameter 1 to be mysqli_result, null given in /home/k/k95336st/mikitosina.ru/public_html/index.php on line 36
[28-Feb-2020 02:52:43 Europe/Moscow] PHP Warning:  mysqli_select_db() expects parameter 1 to be mysqli, string given in /home/k/k95336st/mikitosina.ru/public_html/miki_connect/connect.php on line 7
[28-Feb-2020 02:52:43 Europe/Moscow] PHP Warning:  mysqli_query() expects parameter 1 to be mysqli, string given in /home/k/k95336st/mikitosina.ru/public_html/miki_connect/connect.php on line 9
[28-Feb-2020 02:52:43 Europe/Moscow] PHP Warning:  mysqli_query() expects parameter 1 to be mysqli, string given in /home/k/k95336st/mikitosina.ru/public_html/index.php on line 19
[28-Feb-2020 02:52:43 Europe/Moscow] PHP Warning:  mysqli_fetch_array() expects parameter 1 to be mysqli_result, null given in /home/k/k95336st/mikitosina.ru/public_html/index.php on line 20
[28-Feb-2020 02:52:43 Europe/Moscow] PHP Warning:  mysqli_fetch_array() expects parameter 1 to be mysqli_result, null given in /home/k/k95336st/mikitosina.ru/public_html/index.php on line 36
[28-Feb-2020 02:52:43 Europe/Moscow] PHP Warning:  mysqli_select_db() expects parameter 1 to be mysqli, string given in /home/k/k95336st/mikitosina.ru/public_html/miki_connect/connect.php on line 7
[28-Feb-2020 02:52:43 Europe/Moscow] PHP Warning:  mysqli_query() expects parameter 1 to be mysqli, string given in /home/k/k95336st/mikitosina.ru/public_html/miki_connect/connect.php on line 9
[28-Feb-2020 02:52:43 Europe/Moscow] PHP Warning:  mysqli_query() expects parameter 1 to be mysqli, string given in /home/k/k95336st/mikitosina.ru/public_html/index.php on line 19
[28-Feb-2020 02:52:43 Europe/Moscow] PHP Warning:  mysqli_fetch_array() expects parameter 1 to be mysqli_result, null given in /home/k/k95336st/mikitosina.ru/public_html/index.php on line 20
[28-Feb-2020 02:52:43 Europe/Moscow] PHP Warning:  mysqli_fetch_array() expects parameter 1 to be mysqli_result, null given in /home/k/k95336st/mikitosina.ru/public_html/index.php on line 36
[28-Feb-2020 02:52:43 Europe/Moscow] PHP Warning:  mysqli_select_db() expects parameter 1 to be mysqli, string given in /home/k/k95336st/mikitosina.ru/public_html/miki_connect/connect.php on line 7
[28-Feb-2020 02:52:43 Europe/Moscow] PHP Warning:  mysqli_query() expects parameter 1 to be mysqli, string given in /home/k/k95336st/mikitosina.ru/public_html/miki_connect/connect.php on line 9
[28-Feb-2020 02:52:43 Europe/Moscow] PHP Warning:  mysqli_query() expects parameter 1 to be mysqli, string given in /home/k/k95336st/mikitosina.ru/public_html/index.php on line 19
[28-Feb-2020 02:52:43 Europe/Moscow] PHP Warning:  mysqli_fetch_array() expects parameter 1 to be mysqli_result, null given in /home/k/k95336st/mikitosina.ru/public_html/index.php on line 20
[28-Feb-2020 02:52:43 Europe/Moscow] PHP Warning:  mysqli_fetch_array() expects parameter 1 to be mysqli_result, null given in /home/k/k95336st/mikitosina.ru/public_html/index.php on line 36
[28-Feb-2020 02:52:43 Europe/Moscow] PHP Warning:  mysqli_select_db() expects parameter 1 to be mysqli, string given in /home/k/k95336st/mikitosina.ru/public_html/miki_connect/connect.php on line 7
[28-Feb-2020 02:52:43 Europe/Moscow] PHP Warning:  mysqli_query() expects parameter 1 to be mysqli, string given in /home/k/k95336st/mikitosina.ru/public_html/miki_connect/connect.php on line 9
[28-Feb-2020 02:52:43 Europe/Moscow] PHP Warning:  mysqli_query() expects parameter 1 to be mysqli, string given in /home/k/k95336st/mikitosina.ru/public_html/index.php on line 19
[28-Feb-2020 02:52:43 Europe/Moscow] PHP Warning:  mysqli_fetch_array() expects parameter 1 to be mysqli_result, null given in /home/k/k95336st/mikitosina.ru/public_html/index.php on line 20
[28-Feb-2020 02:52:43 Europe/Moscow] PHP Warning:  mysqli_fetch_array() expects parameter 1 to be mysqli_result, null given in /home/k/k95336st/mikitosina.ru/public_html/index.php on line 36
[28-Feb-2020 02:52:43 Europe/Moscow] PHP Warning:  mysqli_select_db() expects parameter 1 to be mysqli, string given in /home/k/k95336st/mikitosina.ru/public_html/miki_connect/connect.php on line 7
[28-Feb-2020 02:52:43 Europe/Moscow] PHP Warning:  mysqli_query() expects parameter 1 to be mysqli, string given in /home/k/k95336st/mikitosina.ru/public_html/miki_connect/connect.php on line 9
[28-Feb-2020 02:52:43 Europe/Moscow] PHP Warning:  mysqli_query() expects parameter 1 to be mysqli, string given in /home/k/k95336st/mikitosina.ru/public_html/index.php on line 19
[28-Feb-2020 02:52:43 Europe/Moscow] PHP Warning:  mysqli_fetch_array() expects parameter 1 to be mysqli_result, null given in /home/k/k95336st/mikitosina.ru/public_html/index.php on line 20
[28-Feb-2020 02:52:43 Europe/Moscow] PHP Warning:  mysqli_fetch_array() expects parameter 1 to be mysqli_result, null given in /home/k/k95336st/mikitosina.ru/public_html/index.php on line 36
[28-Feb-2020 02:52:44 Europe/Moscow] PHP Warning:  mysqli_select_db() expects parameter 1 to be mysqli, string given in /home/k/k95336st/mikitosina.ru/public_html/miki_connect/connect.php on line 7
[28-Feb-2020 02:52:44 Europe/Moscow] PHP Warning:  mysqli_query() expects parameter 1 to be mysqli, string given in /home/k/k95336st/mikitosina.ru/public_html/miki_connect/connect.php on line 9
[28-Feb-2020 02:52:44 Europe/Moscow] PHP Warning:  mysqli_query() expects parameter 1 to be mysqli, string given in /home/k/k95336st/mikitosina.ru/public_html/index.php on line 19
[28-Feb-2020 02:52:44 Europe/Moscow] PHP Warning:  mysqli_fetch_array() expects parameter 1 to be mysqli_result, null given in /home/k/k95336st/mikitosina.ru/public_html/index.php on line 20
[28-Feb-2020 02:52:44 Europe/Moscow] PHP Warning:  mysqli_fetch_array() expects parameter 1 to be mysqli_result, null given in /home/k/k95336st/mikitosina.ru/public_html/index.php on line 36
[28-Feb-2020 02:52:49 Europe/Moscow] PHP Warning:  mysqli_select_db() expects parameter 1 to be mysqli, string given in /home/k/k95336st/mikitosina.ru/public_html/miki_connect/connect.php on line 7
[28-Feb-2020 02:52:49 Europe/Moscow] PHP Warning:  mysqli_query() expects parameter 1 to be mysqli, string given in /home/k/k95336st/mikitosina.ru/public_html/miki_connect/connect.php on line 9
[28-Feb-2020 02:52:49 Europe/Moscow] PHP Warning:  mysqli_query() expects parameter 1 to be mysqli, string given in /home/k/k95336st/mikitosina.ru/public_html/index.php on line 19
[28-Feb-2020 02:52:49 Europe/Moscow] PHP Warning:  mysqli_fetch_array() expects parameter 1 to be mysqli_result, null given in /home/k/k95336st/mikitosina.ru/public_html/index.php on line 20
[28-Feb-2020 02:52:49 Europe/Moscow] PHP Warning:  mysqli_fetch_array() expects parameter 1 to be mysqli_result, null given in /home/k/k95336st/mikitosina.ru/public_html/index.php on line 36
[28-Feb-2020 02:52:56 Europe/Moscow] PHP Warning:  mysqli_select_db() expects parameter 1 to be mysqli, string given in /home/k/k95336st/mikitosina.ru/public_html/miki_connect/connect.php on line 7
[28-Feb-2020 02:52:56 Europe/Moscow] PHP Warning:  mysqli_query() expects parameter 1 to be mysqli, string given in /home/k/k95336st/mikitosina.ru/public_html/miki_connect/connect.php on line 9
[28-Feb-2020 02:52:56 Europe/Moscow] PHP Warning:  mysqli_query() expects parameter 1 to be mysqli, string given in /home/k/k95336st/mikitosina.ru/public_html/index.php on line 19
[28-Feb-2020 02:52:56 Europe/Moscow] PHP Warning:  mysqli_fetch_array() expects parameter 1 to be mysqli_result, null given in /home/k/k95336st/mikitosina.ru/public_html/index.php on line 20
[28-Feb-2020 02:52:56 Europe/Moscow] PHP Warning:  mysqli_fetch_array() expects parameter 1 to be mysqli_result, null given in /home/k/k95336st/mikitosina.ru/public_html/index.php on line 36
[28-Feb-2020 03:27:54 Europe/Moscow] PHP Warning:  mysqli_select_db() expects parameter 1 to be mysqli, string given in /home/k/k95336st/mikitosina.ru/public_html/miki_connect/connect.php on line 7
[28-Feb-2020 03:27:54 Europe/Moscow] PHP Warning:  mysqli_query() expects parameter 1 to be mysqli, string given in /home/k/k95336st/mikitosina.ru/public_html/miki_connect/connect.php on line 9
[28-Feb-2020 03:27:54 Europe/Moscow] PHP Warning:  mysqli_query() expects parameter 1 to be mysqli, string given in /home/k/k95336st/mikitosina.ru/public_html/index.php on line 19
[28-Feb-2020 03:27:54 Europe/Moscow] PHP Warning:  mysqli_fetch_array() expects parameter 1 to be mysqli_result, null given in /home/k/k95336st/mikitosina.ru/public_html/index.php on line 20
[28-Feb-2020 03:27:54 Europe/Moscow] PHP Warning:  mysqli_fetch_array() expects parameter 1 to be mysqli_result, null given in /home/k/k95336st/mikitosina.ru/public_html/index.php on line 36
[28-Feb-2020 03:27:58 Europe/Moscow] PHP Warning:  mysqli_select_db() expects parameter 1 to be mysqli, string given in /home/k/k95336st/mikitosina.ru/public_html/miki_connect/connect.php on line 7
[28-Feb-2020 03:27:58 Europe/Moscow] PHP Warning:  mysqli_query() expects parameter 1 to be mysqli, string given in /home/k/k95336st/mikitosina.ru/public_html/miki_connect/connect.php on line 9
[28-Feb-2020 03:27:58 Europe/Moscow] PHP Warning:  mysqli_query() expects parameter 1 to be mysqli, string given in /home/k/k95336st/mikitosina.ru/public_html/index.php on line 19
[28-Feb-2020 03:27:58 Europe/Moscow] PHP Warning:  mysqli_fetch_array() expects parameter 1 to be mysqli_result, null given in /home/k/k95336st/mikitosina.ru/public_html/index.php on line 20
[28-Feb-2020 03:27:58 Europe/Moscow] PHP Warning:  mysqli_fetch_array() expects parameter 1 to be mysqli_result, null given in /home/k/k95336st/mikitosina.ru/public_html/index.php on line 36
[28-Feb-2020 03:28:01 Europe/Moscow] PHP Warning:  mysqli_select_db() expects parameter 1 to be mysqli, string given in /home/k/k95336st/mikitosina.ru/public_html/miki_connect/connect.php on line 7
[28-Feb-2020 03:28:01 Europe/Moscow] PHP Warning:  mysqli_query() expects parameter 1 to be mysqli, string given in /home/k/k95336st/mikitosina.ru/public_html/miki_connect/connect.php on line 9
[28-Feb-2020 03:28:01 Europe/Moscow] PHP Warning:  mysqli_query() expects parameter 1 to be mysqli, string given in /home/k/k95336st/mikitosina.ru/public_html/index.php on line 19
[28-Feb-2020 03:28:01 Europe/Moscow] PHP Warning:  mysqli_fetch_array() expects parameter 1 to be mysqli_result, null given in /home/k/k95336st/mikitosina.ru/public_html/index.php on line 20
[28-Feb-2020 03:28:01 Europe/Moscow] PHP Warning:  mysqli_fetch_array() expects parameter 1 to be mysqli_result, null given in /home/k/k95336st/mikitosina.ru/public_html/index.php on line 36
[28-Feb-2020 03:28:02 Europe/Moscow] PHP Warning:  mysqli_select_db() expects parameter 1 to be mysqli, string given in /home/k/k95336st/mikitosina.ru/public_html/miki_connect/connect.php on line 7
[28-Feb-2020 03:28:02 Europe/Moscow] PHP Warning:  mysqli_query() expects parameter 1 to be mysqli, string given in /home/k/k95336st/mikitosina.ru/public_html/miki_connect/connect.php on line 9
[28-Feb-2020 03:28:02 Europe/Moscow] PHP Warning:  mysqli_query() expects parameter 1 to be mysqli, string given in /home/k/k95336st/mikitosina.ru/public_html/index.php on line 19
[28-Feb-2020 03:28:02 Europe/Moscow] PHP Warning:  mysqli_fetch_array() expects parameter 1 to be mysqli_result, null given in /home/k/k95336st/mikitosina.ru/public_html/index.php on line 20
[28-Feb-2020 03:28:02 Europe/Moscow] PHP Warning:  mysqli_fetch_array() expects parameter 1 to be mysqli_result, null given in /home/k/k95336st/mikitosina.ru/public_html/index.php on line 36
[28-Feb-2020 03:28:02 Europe/Moscow] PHP Warning:  mysqli_select_db() expects parameter 1 to be mysqli, string given in /home/k/k95336st/mikitosina.ru/public_html/miki_connect/connect.php on line 7
[28-Feb-2020 03:28:02 Europe/Moscow] PHP Warning:  mysqli_query() expects parameter 1 to be mysqli, string given in /home/k/k95336st/mikitosina.ru/public_html/miki_connect/connect.php on line 9
[28-Feb-2020 03:28:02 Europe/Moscow] PHP Warning:  mysqli_query() expects parameter 1 to be mysqli, string given in /home/k/k95336st/mikitosina.ru/public_html/index.php on line 19
[28-Feb-2020 03:28:02 Europe/Moscow] PHP Warning:  mysqli_fetch_array() expects parameter 1 to be mysqli_result, null given in /home/k/k95336st/mikitosina.ru/public_html/index.php on line 20
[28-Feb-2020 03:28:02 Europe/Moscow] PHP Warning:  mysqli_fetch_array() expects parameter 1 to be mysqli_result, null given in /home/k/k95336st/mikitosina.ru/public_html/index.php on line 36
[28-Feb-2020 03:28:02 Europe/Moscow] PHP Warning:  mysqli_select_db() expects parameter 1 to be mysqli, string given in /home/k/k95336st/mikitosina.ru/public_html/miki_connect/connect.php on line 7
[28-Feb-2020 03:28:02 Europe/Moscow] PHP Warning:  mysqli_query() expects parameter 1 to be mysqli, string given in /home/k/k95336st/mikitosina.ru/public_html/miki_connect/connect.php on line 9
[28-Feb-2020 03:28:02 Europe/Moscow] PHP Warning:  mysqli_query() expects parameter 1 to be mysqli, string given in /home/k/k95336st/mikitosina.ru/public_html/index.php on line 19
[28-Feb-2020 03:28:02 Europe/Moscow] PHP Warning:  mysqli_fetch_array() expects parameter 1 to be mysqli_result, null given in /home/k/k95336st/mikitosina.ru/public_html/index.php on line 20
[28-Feb-2020 03:28:02 Europe/Moscow] PHP Warning:  mysqli_fetch_array() expects parameter 1 to be mysqli_result, null given in /home/k/k95336st/mikitosina.ru/public_html/index.php on line 36
[28-Feb-2020 03:33:11 Europe/Moscow] PHP Warning:  mysqli_select_db() expects parameter 1 to be mysqli, string given in /home/k/k95336st/mikitosina.ru/public_html/miki_connect/connect.php on line 7
[28-Feb-2020 03:33:11 Europe/Moscow] PHP Warning:  mysqli_query() expects parameter 1 to be mysqli, string given in /home/k/k95336st/mikitosina.ru/public_html/miki_connect/connect.php on line 9
[28-Feb-2020 03:33:11 Europe/Moscow] PHP Warning:  mysqli_query() expects parameter 1 to be mysqli, string given in /home/k/k95336st/mikitosina.ru/public_html/index.php on line 19
[28-Feb-2020 03:33:11 Europe/Moscow] PHP Warning:  mysqli_fetch_array() expects parameter 1 to be mysqli_result, null given in /home/k/k95336st/mikitosina.ru/public_html/index.php on line 20
[28-Feb-2020 03:33:11 Europe/Moscow] PHP Warning:  mysqli_fetch_array() expects parameter 1 to be mysqli_result, null given in /home/k/k95336st/mikitosina.ru/public_html/index.php on line 36
[28-Feb-2020 03:33:11 Europe/Moscow] PHP Warning:  mysqli_select_db() expects parameter 1 to be mysqli, string given in /home/k/k95336st/mikitosina.ru/public_html/miki_connect/connect.php on line 7
[28-Feb-2020 03:33:11 Europe/Moscow] PHP Warning:  mysqli_query() expects parameter 1 to be mysqli, string given in /home/k/k95336st/mikitosina.ru/public_html/miki_connect/connect.php on line 9
[28-Feb-2020 03:33:11 Europe/Moscow] PHP Warning:  mysqli_query() expects parameter 1 to be mysqli, string given in /home/k/k95336st/mikitosina.ru/public_html/index.php on line 19
[28-Feb-2020 03:33:11 Europe/Moscow] PHP Warning:  mysqli_fetch_array() expects parameter 1 to be mysqli_result, null given in /home/k/k95336st/mikitosina.ru/public_html/index.php on line 20
[28-Feb-2020 03:33:11 Europe/Moscow] PHP Warning:  mysqli_fetch_array() expects parameter 1 to be mysqli_result, null given in /home/k/k95336st/mikitosina.ru/public_html/index.php on line 36
[28-Feb-2020 03:33:11 Europe/Moscow] PHP Warning:  mysqli_select_db() expects parameter 1 to be mysqli, string given in /home/k/k95336st/mikitosina.ru/public_html/miki_connect/connect.php on line 7
[28-Feb-2020 03:33:11 Europe/Moscow] PHP Warning:  mysqli_query() expects parameter 1 to be mysqli, string given in /home/k/k95336st/mikitosina.ru/public_html/miki_connect/connect.php on line 9
[28-Feb-2020 03:33:11 Europe/Moscow] PHP Warning:  mysqli_query() expects parameter 1 to be mysqli, string given in /home/k/k95336st/mikitosina.ru/public_html/index.php on line 19
[28-Feb-2020 03:33:11 Europe/Moscow] PHP Warning:  mysqli_fetch_array() expects parameter 1 to be mysqli_result, null given in /home/k/k95336st/mikitosina.ru/public_html/index.php on line 20
[28-Feb-2020 03:33:11 Europe/Moscow] PHP Warning:  mysqli_fetch_array() expects parameter 1 to be mysqli_result, null given in /home/k/k95336st/mikitosina.ru/public_html/index.php on line 36
[28-Feb-2020 04:05:51 Europe/Moscow] PHP Warning:  mysqli_select_db() expects parameter 1 to be mysqli, string given in /home/k/k95336st/mikitosina.ru/public_html/miki_connect/connect.php on line 7
[28-Feb-2020 04:05:51 Europe/Moscow] PHP Warning:  mysqli_query() expects parameter 1 to be mysqli, string given in /home/k/k95336st/mikitosina.ru/public_html/miki_connect/connect.php on line 9
[28-Feb-2020 04:05:51 Europe/Moscow] PHP Warning:  mysqli_query() expects parameter 1 to be mysqli, string given in /home/k/k95336st/mikitosina.ru/public_html/index.php on line 19
[28-Feb-2020 04:05:51 Europe/Moscow] PHP Warning:  mysqli_fetch_array() expects parameter 1 to be mysqli_result, null given in /home/k/k95336st/mikitosina.ru/public_html/index.php on line 20
[28-Feb-2020 04:05:51 Europe/Moscow] PHP Warning:  mysqli_fetch_array() expects parameter 1 to be mysqli_result, null given in /home/k/k95336st/mikitosina.ru/public_html/index.php on line 36
[28-Feb-2020 04:09:40 Europe/Moscow] PHP Warning:  mysqli_select_db() expects exactly 2 parameters, 1 given in /home/k/k95336st/mikitosina.ru/public_html/miki_connect/connect.php on line 7
[28-Feb-2020 04:09:40 Europe/Moscow] PHP Warning:  mysqli_query() expects at least 2 parameters, 1 given in /home/k/k95336st/mikitosina.ru/public_html/miki_connect/connect.php on line 9
[28-Feb-2020 04:09:40 Europe/Moscow] PHP Warning:  mysqli_query() expects parameter 1 to be mysqli, string given in /home/k/k95336st/mikitosina.ru/public_html/index.php on line 19
[28-Feb-2020 04:09:40 Europe/Moscow] PHP Warning:  mysqli_fetch_array() expects parameter 1 to be mysqli_result, null given in /home/k/k95336st/mikitosina.ru/public_html/index.php on line 20
[28-Feb-2020 04:09:40 Europe/Moscow] PHP Warning:  mysqli_fetch_array() expects parameter 1 to be mysqli_result, null given in /home/k/k95336st/mikitosina.ru/public_html/index.php on line 36
[28-Feb-2020 04:09:40 Europe/Moscow] PHP Warning:  mysqli_select_db() expects exactly 2 parameters, 1 given in /home/k/k95336st/mikitosina.ru/public_html/miki_connect/connect.php on line 7
[28-Feb-2020 04:09:40 Europe/Moscow] PHP Warning:  mysqli_query() expects at least 2 parameters, 1 given in /home/k/k95336st/mikitosina.ru/public_html/miki_connect/connect.php on line 9
[28-Feb-2020 04:09:40 Europe/Moscow] PHP Warning:  mysqli_query() expects parameter 1 to be mysqli, string given in /home/k/k95336st/mikitosina.ru/public_html/index.php on line 19
[28-Feb-2020 04:09:40 Europe/Moscow] PHP Warning:  mysqli_fetch_array() expects parameter 1 to be mysqli_result, null given in /home/k/k95336st/mikitosina.ru/public_html/index.php on line 20
[28-Feb-2020 04:09:40 Europe/Moscow] PHP Warning:  mysqli_fetch_array() expects parameter 1 to be mysqli_result, null given in /home/k/k95336st/mikitosina.ru/public_html/index.php on line 36
[28-Feb-2020 04:09:40 Europe/Moscow] PHP Warning:  mysqli_select_db() expects exactly 2 parameters, 1 given in /home/k/k95336st/mikitosina.ru/public_html/miki_connect/connect.php on line 7
[28-Feb-2020 04:09:40 Europe/Moscow] PHP Warning:  mysqli_query() expects at least 2 parameters, 1 given in /home/k/k95336st/mikitosina.ru/public_html/miki_connect/connect.php on line 9
[28-Feb-2020 04:09:40 Europe/Moscow] PHP Warning:  mysqli_query() expects parameter 1 to be mysqli, string given in /home/k/k95336st/mikitosina.ru/public_html/index.php on line 19
[28-Feb-2020 04:09:40 Europe/Moscow] PHP Warning:  mysqli_fetch_array() expects parameter 1 to be mysqli_result, null given in /home/k/k95336st/mikitosina.ru/public_html/index.php on line 20
[28-Feb-2020 04:09:40 Europe/Moscow] PHP Warning:  mysqli_fetch_array() expects parameter 1 to be mysqli_result, null given in /home/k/k95336st/mikitosina.ru/public_html/index.php on line 36
[28-Feb-2020 04:09:41 Europe/Moscow] PHP Warning:  mysqli_select_db() expects exactly 2 parameters, 1 given in /home/k/k95336st/mikitosina.ru/public_html/miki_connect/connect.php on line 7
[28-Feb-2020 04:09:41 Europe/Moscow] PHP Warning:  mysqli_query() expects at least 2 parameters, 1 given in /home/k/k95336st/mikitosina.ru/public_html/miki_connect/connect.php on line 9
[28-Feb-2020 04:09:41 Europe/Moscow] PHP Warning:  mysqli_query() expects parameter 1 to be mysqli, string given in /home/k/k95336st/mikitosina.ru/public_html/index.php on line 19
[28-Feb-2020 04:09:41 Europe/Moscow] PHP Warning:  mysqli_fetch_array() expects parameter 1 to be mysqli_result, null given in /home/k/k95336st/mikitosina.ru/public_html/index.php on line 20
[28-Feb-2020 04:09:41 Europe/Moscow] PHP Warning:  mysqli_fetch_array() expects parameter 1 to be mysqli_result, null given in /home/k/k95336st/mikitosina.ru/public_html/index.php on line 36
[28-Feb-2020 04:34:55 Europe/Moscow] PHP Warning:  mysqli_select_db() expects exactly 2 parameters, 1 given in /home/k/k95336st/mikitosina.ru/public_html/miki_connect/connect.php on line 7
[28-Feb-2020 04:34:55 Europe/Moscow] PHP Warning:  mysqli_query() expects at least 2 parameters, 1 given in /home/k/k95336st/mikitosina.ru/public_html/miki_connect/connect.php on line 9
[28-Feb-2020 04:34:55 Europe/Moscow] PHP Warning:  mysqli_query() expects parameter 1 to be mysqli, string given in /home/k/k95336st/mikitosina.ru/public_html/index.php on line 19
[28-Feb-2020 04:34:55 Europe/Moscow] PHP Warning:  mysqli_fetch_array() expects parameter 1 to be mysqli_result, null given in /home/k/k95336st/mikitosina.ru/public_html/index.php on line 20
[28-Feb-2020 04:34:55 Europe/Moscow] PHP Warning:  mysqli_fetch_array() expects parameter 1 to be mysqli_result, null given in /home/k/k95336st/mikitosina.ru/public_html/index.php on line 36
[28-Feb-2020 04:53:34 Europe/Moscow] PHP Warning:  mysqli_select_db() expects exactly 2 parameters, 1 given in /home/k/k95336st/mikitosina.ru/public_html/miki_connect/connect.php on line 7
[28-Feb-2020 04:53:34 Europe/Moscow] PHP Warning:  mysqli_query() expects at least 2 parameters, 1 given in /home/k/k95336st/mikitosina.ru/public_html/miki_connect/connect.php on line 9
[28-Feb-2020 04:53:34 Europe/Moscow] PHP Warning:  mysqli_query() expects parameter 1 to be mysqli, string given in /home/k/k95336st/mikitosina.ru/public_html/index.php on line 19
[28-Feb-2020 04:53:34 Europe/Moscow] PHP Warning:  mysqli_fetch_array() expects parameter 1 to be mysqli_result, null given in /home/k/k95336st/mikitosina.ru/public_html/index.php on line 20
[28-Feb-2020 04:53:34 Europe/Moscow] PHP Warning:  mysqli_fetch_array() expects parameter 1 to be mysqli_result, null given in /home/k/k95336st/mikitosina.ru/public_html/index.php on line 36
[28-Feb-2020 06:27:27 Europe/Moscow] PHP Warning:  mysqli_select_db() expects exactly 2 parameters, 1 given in /home/k/k95336st/mikitosina.ru/public_html/miki_connect/connect.php on line 7
[28-Feb-2020 06:27:27 Europe/Moscow] PHP Warning:  mysqli_query() expects at least 2 parameters, 1 given in /home/k/k95336st/mikitosina.ru/public_html/miki_connect/connect.php on line 9
[28-Feb-2020 06:27:27 Europe/Moscow] PHP Warning:  mysqli_query() expects parameter 1 to be mysqli, string given in /home/k/k95336st/mikitosina.ru/public_html/index.php on line 19
[28-Feb-2020 06:27:27 Europe/Moscow] PHP Warning:  mysqli_fetch_array() expects parameter 1 to be mysqli_result, null given in /home/k/k95336st/mikitosina.ru/public_html/index.php on line 20
[28-Feb-2020 06:27:27 Europe/Moscow] PHP Warning:  mysqli_fetch_array() expects parameter 1 to be mysqli_result, null given in /home/k/k95336st/mikitosina.ru/public_html/index.php on line 36
[28-Feb-2020 06:27:33 Europe/Moscow] PHP Warning:  mysqli_select_db() expects exactly 2 parameters, 1 given in /home/k/k95336st/mikitosina.ru/public_html/miki_connect/connect.php on line 7
[28-Feb-2020 06:27:33 Europe/Moscow] PHP Warning:  mysqli_query() expects at least 2 parameters, 1 given in /home/k/k95336st/mikitosina.ru/public_html/miki_connect/connect.php on line 9
[28-Feb-2020 06:27:33 Europe/Moscow] PHP Warning:  mysqli_query() expects parameter 1 to be mysqli, string given in /home/k/k95336st/mikitosina.ru/public_html/index.php on line 19
[28-Feb-2020 06:27:33 Europe/Moscow] PHP Warning:  mysqli_fetch_array() expects parameter 1 to be mysqli_result, null given in /home/k/k95336st/mikitosina.ru/public_html/index.php on line 20
[28-Feb-2020 06:27:33 Europe/Moscow] PHP Warning:  mysqli_fetch_array() expects parameter 1 to be mysqli_result, null given in /home/k/k95336st/mikitosina.ru/public_html/index.php on line 36
[28-Feb-2020 09:33:19 Europe/Moscow] PHP Warning:  mysqli_select_db() expects exactly 2 parameters, 1 given in /home/k/k95336st/mikitosina.ru/public_html/miki_connect/connect.php on line 7
[28-Feb-2020 09:33:19 Europe/Moscow] PHP Warning:  mysqli_query() expects at least 2 parameters, 1 given in /home/k/k95336st/mikitosina.ru/public_html/miki_connect/connect.php on line 9
[28-Feb-2020 09:33:19 Europe/Moscow] PHP Warning:  mysqli_query() expects parameter 1 to be mysqli, string given in /home/k/k95336st/mikitosina.ru/public_html/index.php on line 19
[28-Feb-2020 09:33:19 Europe/Moscow] PHP Warning:  mysqli_fetch_array() expects parameter 1 to be mysqli_result, null given in /home/k/k95336st/mikitosina.ru/public_html/index.php on line 20
[28-Feb-2020 09:33:19 Europe/Moscow] PHP Warning:  mysqli_fetch_array() expects parameter 1 to be mysqli_result, null given in /home/k/k95336st/mikitosina.ru/public_html/index.php on line 36
[28-Feb-2020 09:33:20 Europe/Moscow] PHP Warning:  mysqli_select_db() expects exactly 2 parameters, 1 given in /home/k/k95336st/mikitosina.ru/public_html/miki_connect/connect.php on line 7
[28-Feb-2020 09:33:20 Europe/Moscow] PHP Warning:  mysqli_query() expects at least 2 parameters, 1 given in /home/k/k95336st/mikitosina.ru/public_html/miki_connect/connect.php on line 9
[28-Feb-2020 09:33:20 Europe/Moscow] PHP Fatal error:  Uncaught Error: Call to undefined function mysql_query() in /home/k/k95336st/mikitosina.ru/public_html/news.php:28
Stack trace:
#0 {main}
  thrown in /home/k/k95336st/mikitosina.ru/public_html/news.php on line 28
[28-Feb-2020 09:33:20 Europe/Moscow] PHP Warning:  mysqli_select_db() expects exactly 2 parameters, 1 given in /home/k/k95336st/mikitosina.ru/public_html/miki_connect/connect.php on line 7
[28-Feb-2020 09:33:20 Europe/Moscow] PHP Warning:  mysqli_query() expects at least 2 parameters, 1 given in /home/k/k95336st/mikitosina.ru/public_html/miki_connect/connect.php on line 9
[28-Feb-2020 09:33:21 Europe/Moscow] PHP Warning:  mysqli_select_db() expects exactly 2 parameters, 1 given in /home/k/k95336st/mikitosina.ru/public_html/miki_connect/connect.php on line 7
[28-Feb-2020 09:33:21 Europe/Moscow] PHP Warning:  mysqli_query() expects at least 2 parameters, 1 given in /home/k/k95336st/mikitosina.ru/public_html/miki_connect/connect.php on line 9
[28-Feb-2020 09:33:23 Europe/Moscow] PHP Warning:  mysqli_select_db() expects exactly 2 parameters, 1 given in /home/k/k95336st/mikitosina.ru/public_html/miki_connect/connect.php on line 7
[28-Feb-2020 09:33:23 Europe/Moscow] PHP Warning:  mysqli_query() expects at least 2 parameters, 1 given in /home/k/k95336st/mikitosina.ru/public_html/miki_connect/connect.php on line 9
[28-Feb-2020 11:47:39 Europe/Moscow] PHP Warning:  mysqli_select_db() expects exactly 2 parameters, 1 given in /home/k/k95336st/mikitosina.ru/public_html/miki_connect/connect.php on line 7
[28-Feb-2020 11:47:39 Europe/Moscow] PHP Warning:  mysqli_query() expects at least 2 parameters, 1 given in /home/k/k95336st/mikitosina.ru/public_html/miki_connect/connect.php on line 9
[28-Feb-2020 11:47:39 Europe/Moscow] PHP Warning:  mysqli_query() expects parameter 1 to be mysqli, string given in /home/k/k95336st/mikitosina.ru/public_html/index.php on line 19
[28-Feb-2020 11:47:39 Europe/Moscow] PHP Warning:  mysqli_fetch_array() expects parameter 1 to be mysqli_result, null given in /home/k/k95336st/mikitosina.ru/public_html/index.php on line 20
[28-Feb-2020 11:47:39 Europe/Moscow] PHP Warning:  mysqli_fetch_array() expects parameter 1 to be mysqli_result, null given in /home/k/k95336st/mikitosina.ru/public_html/index.php on line 36
[28-Feb-2020 11:49:12 Europe/Moscow] PHP Warning:  mysqli_select_db() expects exactly 2 parameters, 1 given in /home/k/k95336st/mikitosina.ru/public_html/miki_connect/connect.php on line 7
[28-Feb-2020 11:49:12 Europe/Moscow] PHP Warning:  mysqli_query() expects at least 2 parameters, 1 given in /home/k/k95336st/mikitosina.ru/public_html/miki_connect/connect.php on line 9
[28-Feb-2020 11:49:12 Europe/Moscow] PHP Fatal error:  Uncaught Error: Call to undefined function mysql_query() in /home/k/k95336st/mikitosina.ru/public_html/news.php:28
Stack trace:
#0 {main}
  thrown in /home/k/k95336st/mikitosina.ru/public_html/news.php on line 28
[28-Feb-2020 11:49:29 Europe/Moscow] PHP Warning:  mysqli_select_db() expects exactly 2 parameters, 1 given in /home/k/k95336st/mikitosina.ru/public_html/miki_connect/connect.php on line 7
[28-Feb-2020 11:49:29 Europe/Moscow] PHP Warning:  mysqli_query() expects at least 2 parameters, 1 given in /home/k/k95336st/mikitosina.ru/public_html/miki_connect/connect.php on line 9
[28-Feb-2020 11:49:29 Europe/Moscow] PHP Warning:  mysqli_query() expects parameter 1 to be mysqli, string given in /home/k/k95336st/mikitosina.ru/public_html/index.php on line 19
[28-Feb-2020 11:49:29 Europe/Moscow] PHP Warning:  mysqli_fetch_array() expects parameter 1 to be mysqli_result, null given in /home/k/k95336st/mikitosina.ru/public_html/index.php on line 20
[28-Feb-2020 11:49:29 Europe/Moscow] PHP Warning:  mysqli_fetch_array() expects parameter 1 to be mysqli_result, null given in /home/k/k95336st/mikitosina.ru/public_html/index.php on line 36
[28-Feb-2020 11:49:44 Europe/Moscow] PHP Warning:  mysqli_select_db() expects exactly 2 parameters, 1 given in /home/k/k95336st/mikitosina.ru/public_html/miki_connect/connect.php on line 7
[28-Feb-2020 11:49:44 Europe/Moscow] PHP Warning:  mysqli_query() expects at least 2 parameters, 1 given in /home/k/k95336st/mikitosina.ru/public_html/miki_connect/connect.php on line 9
[28-Feb-2020 11:49:44 Europe/Moscow] PHP Warning:  mysqli_query() expects parameter 1 to be mysqli, string given in /home/k/k95336st/mikitosina.ru/public_html/index.php on line 19
[28-Feb-2020 11:49:44 Europe/Moscow] PHP Warning:  mysqli_fetch_array() expects parameter 1 to be mysqli_result, null given in /home/k/k95336st/mikitosina.ru/public_html/index.php on line 20
[28-Feb-2020 11:49:44 Europe/Moscow] PHP Warning:  mysqli_fetch_array() expects parameter 1 to be mysqli_result, null given in /home/k/k95336st/mikitosina.ru/public_html/index.php on line 36
[28-Feb-2020 12:11:01 Europe/Moscow] PHP Warning:  mysqli_select_db() expects exactly 2 parameters, 1 given in /home/k/k95336st/mikitosina.ru/public_html/miki_connect/connect.php on line 7
[28-Feb-2020 12:11:01 Europe/Moscow] PHP Warning:  mysqli_query() expects at least 2 parameters, 1 given in /home/k/k95336st/mikitosina.ru/public_html/miki_connect/connect.php on line 9
[28-Feb-2020 12:51:59 Europe/Moscow] PHP Warning:  mysqli_select_db() expects exactly 2 parameters, 1 given in /home/k/k95336st/mikitosina.ru/public_html/miki_connect/connect.php on line 7
[28-Feb-2020 12:51:59 Europe/Moscow] PHP Warning:  mysqli_query() expects at least 2 parameters, 1 given in /home/k/k95336st/mikitosina.ru/public_html/miki_connect/connect.php on line 9
[28-Feb-2020 12:51:59 Europe/Moscow] PHP Warning:  mysqli_query() expects parameter 1 to be mysqli, string given in /home/k/k95336st/mikitosina.ru/public_html/index.php on line 19
[28-Feb-2020 12:51:59 Europe/Moscow] PHP Warning:  mysqli_fetch_array() expects parameter 1 to be mysqli_result, null given in /home/k/k95336st/mikitosina.ru/public_html/index.php on line 20
[28-Feb-2020 12:51:59 Europe/Moscow] PHP Warning:  mysqli_fetch_array() expects parameter 1 to be mysqli_result, null given in /home/k/k95336st/mikitosina.ru/public_html/index.php on line 36
[28-Feb-2020 13:43:50 Europe/Moscow] PHP Warning:  mysqli_select_db() expects exactly 2 parameters, 1 given in /home/k/k95336st/mikitosina.ru/public_html/miki_connect/connect.php on line 7
[28-Feb-2020 13:43:50 Europe/Moscow] PHP Warning:  mysqli_query() expects at least 2 parameters, 1 given in /home/k/k95336st/mikitosina.ru/public_html/miki_connect/connect.php on line 9
[28-Feb-2020 13:43:50 Europe/Moscow] PHP Fatal error:  Uncaught Error: Call to undefined function mysql_query() in /home/k/k95336st/mikitosina.ru/public_html/news.php:28
Stack trace:
#0 {main}
  thrown in /home/k/k95336st/mikitosina.ru/public_html/news.php on line 28
[28-Feb-2020 15:46:14 Europe/Moscow] PHP Warning:  mysqli_select_db() expects exactly 2 parameters, 1 given in /home/k/k95336st/mikitosina.ru/public_html/miki_connect/connect.php on line 7
[28-Feb-2020 15:46:14 Europe/Moscow] PHP Warning:  mysqli_query() expects at least 2 parameters, 1 given in /home/k/k95336st/mikitosina.ru/public_html/miki_connect/connect.php on line 9
[28-Feb-2020 15:46:14 Europe/Moscow] PHP Warning:  mysqli_query() expects parameter 1 to be mysqli, string given in /home/k/k95336st/mikitosina.ru/public_html/index.php on line 19
[28-Feb-2020 15:46:14 Europe/Moscow] PHP Warning:  mysqli_fetch_array() expects parameter 1 to be mysqli_result, null given in /home/k/k95336st/mikitosina.ru/public_html/index.php on line 20
[28-Feb-2020 15:46:14 Europe/Moscow] PHP Warning:  mysqli_fetch_array() expects parameter 1 to be mysqli_result, null given in /home/k/k95336st/mikitosina.ru/public_html/index.php on line 36
[28-Feb-2020 18:25:23 Europe/Moscow] PHP Warning:  mysqli_select_db() expects exactly 2 parameters, 1 given in /home/k/k95336st/mikitosina.ru/public_html/miki_connect/connect.php on line 7
[28-Feb-2020 18:25:23 Europe/Moscow] PHP Warning:  mysqli_query() expects at least 2 parameters, 1 given in /home/k/k95336st/mikitosina.ru/public_html/miki_connect/connect.php on line 9
[28-Feb-2020 18:25:23 Europe/Moscow] PHP Warning:  mysqli_query() expects parameter 1 to be mysqli, string given in /home/k/k95336st/mikitosina.ru/public_html/index.php on line 19
[28-Feb-2020 18:25:23 Europe/Moscow] PHP Warning:  mysqli_fetch_array() expects parameter 1 to be mysqli_result, null given in /home/k/k95336st/mikitosina.ru/public_html/index.php on line 20
[28-Feb-2020 18:25:23 Europe/Moscow] PHP Warning:  mysqli_fetch_array() expects parameter 1 to be mysqli_result, null given in /home/k/k95336st/mikitosina.ru/public_html/index.php on line 36
[28-Feb-2020 18:25:43 Europe/Moscow] PHP Warning:  mysqli_select_db() expects exactly 2 parameters, 1 given in /home/k/k95336st/mikitosina.ru/public_html/miki_connect/connect.php on line 7
[28-Feb-2020 18:25:43 Europe/Moscow] PHP Warning:  mysqli_query() expects at least 2 parameters, 1 given in /home/k/k95336st/mikitosina.ru/public_html/miki_connect/connect.php on line 9
[28-Feb-2020 18:25:43 Europe/Moscow] PHP Warning:  mysqli_query() expects parameter 1 to be mysqli, string given in /home/k/k95336st/mikitosina.ru/public_html/index.php on line 19
[28-Feb-2020 18:25:43 Europe/Moscow] PHP Warning:  mysqli_fetch_array() expects parameter 1 to be mysqli_result, null given in /home/k/k95336st/mikitosina.ru/public_html/index.php on line 20
[28-Feb-2020 18:25:43 Europe/Moscow] PHP Warning:  mysqli_fetch_array() expects parameter 1 to be mysqli_result, null given in /home/k/k95336st/mikitosina.ru/public_html/index.php on line 36
[28-Feb-2020 18:27:01 Europe/Moscow] PHP Warning:  mysqli_select_db() expects exactly 2 parameters, 1 given in /home/k/k95336st/mikitosina.ru/public_html/miki_connect/connect.php on line 7
[28-Feb-2020 18:27:01 Europe/Moscow] PHP Warning:  mysqli_query() expects at least 2 parameters, 1 given in /home/k/k95336st/mikitosina.ru/public_html/miki_connect/connect.php on line 9
[28-Feb-2020 18:34:42 Europe/Moscow] PHP Warning:  mysqli_select_db() expects exactly 2 parameters, 1 given in /home/k/k95336st/mikitosina.ru/public_html/miki_connect/connect.php on line 7
[28-Feb-2020 18:34:42 Europe/Moscow] PHP Warning:  mysqli_query() expects at least 2 parameters, 1 given in /home/k/k95336st/mikitosina.ru/public_html/miki_connect/connect.php on line 9
[28-Feb-2020 18:34:42 Europe/Moscow] PHP Warning:  mysqli_query() expects parameter 1 to be mysqli, string given in /home/k/k95336st/mikitosina.ru/public_html/index.php on line 19
[28-Feb-2020 18:34:42 Europe/Moscow] PHP Warning:  mysqli_fetch_array() expects parameter 1 to be mysqli_result, null given in /home/k/k95336st/mikitosina.ru/public_html/index.php on line 20
[28-Feb-2020 18:34:42 Europe/Moscow] PHP Warning:  mysqli_fetch_array() expects parameter 1 to be mysqli_result, null given in /home/k/k95336st/mikitosina.ru/public_html/index.php on line 36
[28-Feb-2020 18:34:43 Europe/Moscow] PHP Warning:  mysqli_select_db() expects exactly 2 parameters, 1 given in /home/k/k95336st/mikitosina.ru/public_html/miki_connect/connect.php on line 7
[28-Feb-2020 18:34:43 Europe/Moscow] PHP Warning:  mysqli_query() expects at least 2 parameters, 1 given in /home/k/k95336st/mikitosina.ru/public_html/miki_connect/connect.php on line 9
[28-Feb-2020 18:34:43 Europe/Moscow] PHP Warning:  mysqli_query() expects parameter 1 to be mysqli, string given in /home/k/k95336st/mikitosina.ru/public_html/index.php on line 19
[28-Feb-2020 18:34:43 Europe/Moscow] PHP Warning:  mysqli_fetch_array() expects parameter 1 to be mysqli_result, null given in /home/k/k95336st/mikitosina.ru/public_html/index.php on line 20
[28-Feb-2020 18:34:43 Europe/Moscow] PHP Warning:  mysqli_fetch_array() expects parameter 1 to be mysqli_result, null given in /home/k/k95336st/mikitosina.ru/public_html/index.php on line 36
[28-Feb-2020 18:34:43 Europe/Moscow] PHP Warning:  mysqli_select_db() expects exactly 2 parameters, 1 given in /home/k/k95336st/mikitosina.ru/public_html/miki_connect/connect.php on line 7
[28-Feb-2020 18:34:43 Europe/Moscow] PHP Warning:  mysqli_query() expects at least 2 parameters, 1 given in /home/k/k95336st/mikitosina.ru/public_html/miki_connect/connect.php on line 9
[28-Feb-2020 18:34:43 Europe/Moscow] PHP Warning:  mysqli_query() expects parameter 1 to be mysqli, string given in /home/k/k95336st/mikitosina.ru/public_html/index.php on line 19
[28-Feb-2020 18:34:43 Europe/Moscow] PHP Warning:  mysqli_fetch_array() expects parameter 1 to be mysqli_result, null given in /home/k/k95336st/mikitosina.ru/public_html/index.php on line 20
[28-Feb-2020 18:34:43 Europe/Moscow] PHP Warning:  mysqli_fetch_array() expects parameter 1 to be mysqli_result, null given in /home/k/k95336st/mikitosina.ru/public_html/index.php on line 36
[28-Feb-2020 18:34:45 Europe/Moscow] PHP Warning:  mysqli_select_db() expects exactly 2 parameters, 1 given in /home/k/k95336st/mikitosina.ru/public_html/miki_connect/connect.php on line 7
[28-Feb-2020 18:34:45 Europe/Moscow] PHP Warning:  mysqli_query() expects at least 2 parameters, 1 given in /home/k/k95336st/mikitosina.ru/public_html/miki_connect/connect.php on line 9
[28-Feb-2020 18:34:45 Europe/Moscow] PHP Warning:  mysqli_query() expects parameter 1 to be mysqli, string given in /home/k/k95336st/mikitosina.ru/public_html/miki_components/chat.php on line 4
[28-Feb-2020 18:34:45 Europe/Moscow] PHP Warning:  mysqli_fetch_array() expects parameter 1 to be mysqli_result, null given in /home/k/k95336st/mikitosina.ru/public_html/miki_components/chat.php on line 5
[28-Feb-2020 18:34:45 Europe/Moscow] PHP Warning:  mysqli_fetch_array() expects parameter 1 to be mysqli_result, null given in /home/k/k95336st/mikitosina.ru/public_html/miki_components/chat.php on line 21
[28-Feb-2020 18:35:04 Europe/Moscow] PHP Warning:  mysqli_select_db() expects exactly 2 parameters, 1 given in /home/k/k95336st/mikitosina.ru/public_html/miki_connect/connect.php on line 7
[28-Feb-2020 18:35:04 Europe/Moscow] PHP Warning:  mysqli_query() expects at least 2 parameters, 1 given in /home/k/k95336st/mikitosina.ru/public_html/miki_connect/connect.php on line 9
[28-Feb-2020 18:35:04 Europe/Moscow] PHP Warning:  mysqli_query() expects parameter 1 to be mysqli, string given in /home/k/k95336st/mikitosina.ru/public_html/index.php on line 19
[28-Feb-2020 18:35:04 Europe/Moscow] PHP Warning:  mysqli_fetch_array() expects parameter 1 to be mysqli_result, null given in /home/k/k95336st/mikitosina.ru/public_html/index.php on line 20
[28-Feb-2020 18:35:04 Europe/Moscow] PHP Warning:  mysqli_fetch_array() expects parameter 1 to be mysqli_result, null given in /home/k/k95336st/mikitosina.ru/public_html/index.php on line 36
[28-Feb-2020 18:35:16 Europe/Moscow] PHP Warning:  mysqli_select_db() expects exactly 2 parameters, 1 given in /home/k/k95336st/mikitosina.ru/public_html/miki_connect/connect.php on line 7
[28-Feb-2020 18:35:16 Europe/Moscow] PHP Warning:  mysqli_query() expects at least 2 parameters, 1 given in /home/k/k95336st/mikitosina.ru/public_html/miki_connect/connect.php on line 9
[28-Feb-2020 18:35:16 Europe/Moscow] PHP Warning:  mysqli_query() expects parameter 1 to be mysqli, string given in /home/k/k95336st/mikitosina.ru/public_html/index.php on line 19
[28-Feb-2020 18:35:16 Europe/Moscow] PHP Warning:  mysqli_fetch_array() expects parameter 1 to be mysqli_result, null given in /home/k/k95336st/mikitosina.ru/public_html/index.php on line 20
[28-Feb-2020 18:35:16 Europe/Moscow] PHP Warning:  mysqli_fetch_array() expects parameter 1 to be mysqli_result, null given in /home/k/k95336st/mikitosina.ru/public_html/index.php on line 36
[28-Feb-2020 18:35:17 Europe/Moscow] PHP Warning:  mysqli_select_db() expects exactly 2 parameters, 1 given in /home/k/k95336st/mikitosina.ru/public_html/miki_connect/connect.php on line 7
[28-Feb-2020 18:35:17 Europe/Moscow] PHP Warning:  mysqli_query() expects at least 2 parameters, 1 given in /home/k/k95336st/mikitosina.ru/public_html/miki_connect/connect.php on line 9
[28-Feb-2020 18:35:17 Europe/Moscow] PHP Warning:  mysqli_query() expects parameter 1 to be mysqli, string given in /home/k/k95336st/mikitosina.ru/public_html/index.php on line 19
[28-Feb-2020 18:35:17 Europe/Moscow] PHP Warning:  mysqli_fetch_array() expects parameter 1 to be mysqli_result, null given in /home/k/k95336st/mikitosina.ru/public_html/index.php on line 20
[28-Feb-2020 18:35:17 Europe/Moscow] PHP Warning:  mysqli_fetch_array() expects parameter 1 to be mysqli_result, null given in /home/k/k95336st/mikitosina.ru/public_html/index.php on line 36
[28-Feb-2020 18:35:17 Europe/Moscow] PHP Warning:  mysqli_select_db() expects exactly 2 parameters, 1 given in /home/k/k95336st/mikitosina.ru/public_html/miki_connect/connect.php on line 7
[28-Feb-2020 18:35:17 Europe/Moscow] PHP Warning:  mysqli_query() expects at least 2 parameters, 1 given in /home/k/k95336st/mikitosina.ru/public_html/miki_connect/connect.php on line 9
[28-Feb-2020 18:35:17 Europe/Moscow] PHP Warning:  mysqli_query() expects parameter 1 to be mysqli, string given in /home/k/k95336st/mikitosina.ru/public_html/index.php on line 19
[28-Feb-2020 18:35:17 Europe/Moscow] PHP Warning:  mysqli_fetch_array() expects parameter 1 to be mysqli_result, null given in /home/k/k95336st/mikitosina.ru/public_html/index.php on line 20
[28-Feb-2020 18:35:17 Europe/Moscow] PHP Warning:  mysqli_fetch_array() expects parameter 1 to be mysqli_result, null given in /home/k/k95336st/mikitosina.ru/public_html/index.php on line 36
[28-Feb-2020 18:35:18 Europe/Moscow] PHP Warning:  mysqli_select_db() expects exactly 2 parameters, 1 given in /home/k/k95336st/mikitosina.ru/public_html/miki_connect/connect.php on line 7
[28-Feb-2020 18:35:18 Europe/Moscow] PHP Warning:  mysqli_query() expects at least 2 parameters, 1 given in /home/k/k95336st/mikitosina.ru/public_html/miki_connect/connect.php on line 9
[28-Feb-2020 18:35:18 Europe/Moscow] PHP Warning:  mysqli_query() expects parameter 1 to be mysqli, string given in /home/k/k95336st/mikitosina.ru/public_html/index.php on line 19
[28-Feb-2020 18:35:18 Europe/Moscow] PHP Warning:  mysqli_fetch_array() expects parameter 1 to be mysqli_result, null given in /home/k/k95336st/mikitosina.ru/public_html/index.php on line 20
[28-Feb-2020 18:35:18 Europe/Moscow] PHP Warning:  mysqli_fetch_array() expects parameter 1 to be mysqli_result, null given in /home/k/k95336st/mikitosina.ru/public_html/index.php on line 36
[28-Feb-2020 18:35:19 Europe/Moscow] PHP Warning:  mysqli_select_db() expects exactly 2 parameters, 1 given in /home/k/k95336st/mikitosina.ru/public_html/miki_connect/connect.php on line 7
[28-Feb-2020 18:35:19 Europe/Moscow] PHP Warning:  mysqli_query() expects at least 2 parameters, 1 given in /home/k/k95336st/mikitosina.ru/public_html/miki_connect/connect.php on line 9
[28-Feb-2020 18:35:19 Europe/Moscow] PHP Warning:  mysqli_query() expects parameter 1 to be mysqli, string given in /home/k/k95336st/mikitosina.ru/public_html/index.php on line 19
[28-Feb-2020 18:35:19 Europe/Moscow] PHP Warning:  mysqli_fetch_array() expects parameter 1 to be mysqli_result, null given in /home/k/k95336st/mikitosina.ru/public_html/index.php on line 20
[28-Feb-2020 18:35:19 Europe/Moscow] PHP Warning:  mysqli_fetch_array() expects parameter 1 to be mysqli_result, null given in /home/k/k95336st/mikitosina.ru/public_html/index.php on line 36
[28-Feb-2020 18:40:53 Europe/Moscow] PHP Warning:  mysqli_query() expects parameter 1 to be mysqli, string given in /home/k/k95336st/mikitosina.ru/public_html/index.php on line 19
[28-Feb-2020 18:40:53 Europe/Moscow] PHP Warning:  mysqli_fetch_array() expects parameter 1 to be mysqli_result, null given in /home/k/k95336st/mikitosina.ru/public_html/index.php on line 20
[28-Feb-2020 18:40:53 Europe/Moscow] PHP Warning:  mysqli_fetch_array() expects parameter 1 to be mysqli_result, null given in /home/k/k95336st/mikitosina.ru/public_html/index.php on line 36
[28-Feb-2020 18:40:53 Europe/Moscow] PHP Warning:  mysqli_query() expects parameter 1 to be mysqli, string given in /home/k/k95336st/mikitosina.ru/public_html/index.php on line 19
[28-Feb-2020 18:40:53 Europe/Moscow] PHP Warning:  mysqli_fetch_array() expects parameter 1 to be mysqli_result, null given in /home/k/k95336st/mikitosina.ru/public_html/index.php on line 20
[28-Feb-2020 18:40:53 Europe/Moscow] PHP Warning:  mysqli_fetch_array() expects parameter 1 to be mysqli_result, null given in /home/k/k95336st/mikitosina.ru/public_html/index.php on line 36
[28-Feb-2020 18:40:53 Europe/Moscow] PHP Warning:  mysqli_query() expects parameter 1 to be mysqli, string given in /home/k/k95336st/mikitosina.ru/public_html/index.php on line 19
[28-Feb-2020 18:40:53 Europe/Moscow] PHP Warning:  mysqli_fetch_array() expects parameter 1 to be mysqli_result, null given in /home/k/k95336st/mikitosina.ru/public_html/index.php on line 20
[28-Feb-2020 18:40:53 Europe/Moscow] PHP Warning:  mysqli_fetch_array() expects parameter 1 to be mysqli_result, null given in /home/k/k95336st/mikitosina.ru/public_html/index.php on line 36
[28-Feb-2020 18:41:35 Europe/Moscow] PHP Warning:  mysqli_query() expects parameter 1 to be mysqli, string given in /home/k/k95336st/mikitosina.ru/public_html/index.php on line 19
[28-Feb-2020 18:41:35 Europe/Moscow] PHP Warning:  mysqli_fetch_array() expects parameter 1 to be mysqli_result, null given in /home/k/k95336st/mikitosina.ru/public_html/index.php on line 20
[28-Feb-2020 18:41:35 Europe/Moscow] PHP Warning:  mysqli_fetch_array() expects parameter 1 to be mysqli_result, null given in /home/k/k95336st/mikitosina.ru/public_html/index.php on line 36
[28-Feb-2020 18:41:35 Europe/Moscow] PHP Warning:  mysqli_query() expects parameter 1 to be mysqli, string given in /home/k/k95336st/mikitosina.ru/public_html/index.php on line 19
[28-Feb-2020 18:41:35 Europe/Moscow] PHP Warning:  mysqli_fetch_array() expects parameter 1 to be mysqli_result, null given in /home/k/k95336st/mikitosina.ru/public_html/index.php on line 20
[28-Feb-2020 18:41:35 Europe/Moscow] PHP Warning:  mysqli_fetch_array() expects parameter 1 to be mysqli_result, null given in /home/k/k95336st/mikitosina.ru/public_html/index.php on line 36
[28-Feb-2020 18:43:15 Europe/Moscow] PHP Warning:  mysqli_query() expects parameter 1 to be mysqli, string given in /home/k/k95336st/mikitosina.ru/public_html/miki_components/chat.php on line 4
[28-Feb-2020 18:43:15 Europe/Moscow] PHP Warning:  mysqli_fetch_array() expects parameter 1 to be mysqli_result, null given in /home/k/k95336st/mikitosina.ru/public_html/miki_components/chat.php on line 5
[28-Feb-2020 18:43:15 Europe/Moscow] PHP Warning:  mysqli_fetch_array() expects parameter 1 to be mysqli_result, null given in /home/k/k95336st/mikitosina.ru/public_html/miki_components/chat.php on line 21
[28-Feb-2020 18:43:15 Europe/Moscow] PHP Warning:  mysqli_query() expects parameter 1 to be mysqli, string given in /home/k/k95336st/mikitosina.ru/public_html/miki_components/chat.php on line 4
[28-Feb-2020 18:43:15 Europe/Moscow] PHP Warning:  mysqli_fetch_array() expects parameter 1 to be mysqli_result, null given in /home/k/k95336st/mikitosina.ru/public_html/miki_components/chat.php on line 5
[28-Feb-2020 18:43:15 Europe/Moscow] PHP Warning:  mysqli_fetch_array() expects parameter 1 to be mysqli_result, null given in /home/k/k95336st/mikitosina.ru/public_html/miki_components/chat.php on line 21
[28-Feb-2020 18:43:15 Europe/Moscow] PHP Warning:  mysqli_query() expects parameter 1 to be mysqli, string given in /home/k/k95336st/mikitosina.ru/public_html/miki_components/chat.php on line 4
[28-Feb-2020 18:43:15 Europe/Moscow] PHP Warning:  mysqli_fetch_array() expects parameter 1 to be mysqli_result, null given in /home/k/k95336st/mikitosina.ru/public_html/miki_components/chat.php on line 5
[28-Feb-2020 18:43:15 Europe/Moscow] PHP Warning:  mysqli_fetch_array() expects parameter 1 to be mysqli_result, null given in /home/k/k95336st/mikitosina.ru/public_html/miki_components/chat.php on line 21
[01-Mar-2020 00:03:06 Europe/Moscow] PHP Fatal error:  Uncaught Error: Call to undefined function mysql_connect() in /home/k/k95336st/mikitosina.ru/public_html/1homework/4hw/connectDBreg.php:6
Stack trace:
#0 /home/k/k95336st/mikitosina.ru/public_html/1homework/4hw/action.php(3): include()
#1 {main}
  thrown in /home/k/k95336st/mikitosina.ru/public_html/1homework/4hw/connectDBreg.php on line 6
[01-Mar-2020 00:28:42 Europe/Moscow] PHP Fatal error:  Uncaught Error: Call to undefined function mysql_query() in /home/k/k95336st/mikitosina.ru/public_html/miki_registration/reg_action.php:26
Stack trace:
#0 {main}
  thrown in /home/k/k95336st/mikitosina.ru/public_html/miki_registration/reg_action.php on line 26
[01-Mar-2020 06:18:08 Europe/Moscow] PHP Parse error:  syntax error, unexpected '<', expecting end of file in /home/k/k95336st/mikitosina.ru/public_html/1homework/3hw/index.php on line 2
[01-Mar-2020 15:00:57 Europe/Moscow] PHP Fatal error:  Uncaught Error: Call to undefined function mysql_connect() in /home/k/k95336st/mikitosina.ru/public_html/1homework/5hw/miki_connect/connect.php:6
Stack trace:
#0 /home/k/k95336st/mikitosina.ru/public_html/1homework/5hw/index.php(3): include()
#1 {main}
  thrown in /home/k/k95336st/mikitosina.ru/public_html/1homework/5hw/miki_connect/connect.php on line 6
[01-Mar-2020 16:38:49 Europe/Moscow] PHP Fatal error:  Uncaught Error: Call to undefined function mysql_connect() in /home/k/k95336st/mikitosina.ru/public_html/1homework/4hw/connectDBreg.php:6
Stack trace:
#0 /home/k/k95336st/mikitosina.ru/public_html/1homework/4hw/index.php(2): include()
#1 {main}
  thrown in /home/k/k95336st/mikitosina.ru/public_html/1homework/4hw/connectDBreg.php on line 6
[01-Mar-2020 17:21:24 Europe/Moscow] PHP Warning:  mysqli_query() expects at least 2 parameters, 1 given in /home/k/k95336st/mikitosina.ru/public_html/miki_registration/reg_action.php on line 25
[01-Mar-2020 17:28:09 Europe/Moscow] PHP Warning:  mysqli_query() expects parameter 1 to be mysqli, null given in /home/k/k95336st/mikitosina.ru/public_html/miki_registration/reg_action.php on line 25
[01-Mar-2020 17:28:54 Europe/Moscow] PHP Warning:  mysqli_query() expects at least 2 parameters, 1 given in /home/k/k95336st/mikitosina.ru/public_html/miki_registration/reg_action.php on line 25
[02-Mar-2020 20:16:10 Europe/Moscow] PHP Parse error:  syntax error, unexpected 'logout_action' (T_STRING), expecting ',' or ';' in /home/k/k95336st/mikitosina.ru/public_html/miki_login/login.php on line 61
[02-Mar-2020 20:16:10 Europe/Moscow] PHP Parse error:  syntax error, unexpected 'logout_action' (T_STRING), expecting ',' or ';' in /home/k/k95336st/mikitosina.ru/public_html/miki_login/login.php on line 61
[02-Mar-2020 20:16:38 Europe/Moscow] PHP Parse error:  syntax error, unexpected 'logout_action' (T_STRING), expecting ',' or ';' in /home/k/k95336st/mikitosina.ru/public_html/miki_login/login.php on line 61
[02-Mar-2020 20:16:38 Europe/Moscow] PHP Parse error:  syntax error, unexpected 'logout_action' (T_STRING), expecting ',' or ';' in /home/k/k95336st/mikitosina.ru/public_html/miki_login/login.php on line 61
[02-Mar-2020 20:16:43 Europe/Moscow] PHP Parse error:  syntax error, unexpected 'logout_action' (T_STRING), expecting ',' or ';' in /home/k/k95336st/mikitosina.ru/public_html/miki_login/login.php on line 61
[02-Mar-2020 20:21:34 Europe/Moscow] PHP Parse error:  syntax error, unexpected 'logout_action' (T_STRING), expecting ',' or ';' in /home/k/k95336st/mikitosina.ru/public_html/miki_login/1login_action.php on line 23
[02-Mar-2020 20:22:10 Europe/Moscow] PHP Parse error:  syntax error, unexpected 'logout_action' (T_STRING), expecting ',' or ';' in /home/k/k95336st/mikitosina.ru/public_html/miki_login/1login_action.php on line 23
